0 verbose cli /home/ec2-user/.nvm/versions/node/v16.19.1/bin/node /home/ec2-user/.nvm/versions/node/v16.19.1/bin/npm
1 info using npm@8.19.3
2 info using node@v16.19.1
3 timing npm:load:whichnode Completed in 0ms
4 timing config:load:defaults Completed in 1ms
5 timing config:load:file:/home/ec2-user/.nvm/versions/node/v16.19.1/lib/node_modules/npm/npmrc Completed in 0ms
6 timing config:load:builtin Completed in 1ms
7 timing config:load:cli Completed in 13ms
8 timing config:load:env Completed in 1ms
9 timing config:load:project Completed in 3ms
10 timing config:load:file:/home/ec2-user/.npmrc Completed in 1ms
11 timing config:load:user Completed in 1ms
12 timing config:load:file:/home/ec2-user/.nvm/versions/node/v16.19.1/etc/npmrc Completed in 0ms
13 timing config:load:global Completed in 1ms
14 timing config:load:validate Completed in 0ms
15 timing config:load:credentials Completed in 1ms
16 timing config:load:setEnvs Completed in 1ms
17 timing config:load Completed in 24ms
18 timing npm:load:configload Completed in 24ms
19 timing npm:load:mkdirpcache Completed in 0ms
20 timing npm:load:mkdirplogs Completed in 0ms
21 verbose title npm install cdk
22 verbose argv "install" "--global" "cdk"
23 timing npm:load:setTitle Completed in 1ms
24 timing config:load:flatten Completed in 2ms
25 timing npm:load:display Completed in 3ms
26 verbose logfile logs-max:10 dir:/home/ec2-user/.npm/_logs
27 verbose logfile /home/ec2-user/.npm/_logs/2023-02-27T19_33_38_654Z-debug-0.log
28 timing npm:load:logFile Completed in 4ms
29 timing npm:load:timers Completed in 0ms
30 timing npm:load:configScope Completed in 0ms
31 timing npm:load Completed in 33ms
32 timing arborist:ctor Completed in 0ms
33 silly logfile done cleaning log files
34 timing idealTree:init Completed in 5ms
35 timing idealTree:userRequests Completed in 2ms
36 silly idealTree buildDeps
37 silly fetch manifest cdk@*
38 http fetch GET 200 https://registry.npmjs.org/cdk 173ms (cache miss)
39 silly placeDep ROOT cdk@2.66.1 OK for:  want: *
40 silly fetch manifest aws-cdk@2.66.1
41 http fetch GET 200 https://registry.npmjs.org/aws-cdk 42ms (cache miss)
42 timing idealTree:#root Completed in 235ms
43 silly placeDep node_modules/cdk aws-cdk@2.66.1 OK for: cdk@2.66.1 want: 2.66.1
44 silly fetch manifest fsevents@2.3.2
45 http fetch GET 200 https://registry.npmjs.org/fsevents 33ms (cache miss)
46 timing idealTree:node_modules/cdk Completed in 37ms
47 silly placeDep node_modules/cdk fsevents@2.3.2 OK for: aws-cdk@2.66.1 want: 2.3.2
48 timing idealTree:node_modules/cdk/node_modules/aws-cdk Completed in 2ms
49 timing idealTree:node_modules/cdk/node_modules/fsevents Completed in 0ms
50 timing idealTree:buildDeps Completed in 275ms
51 timing idealTree:fixDepFlags Completed in 0ms
52 timing idealTree Completed in 283ms
53 timing reify:loadTrees Completed in 286ms
54 timing reify:diffTrees Completed in 1ms
55 silly reify moves {}
56 timing reify:retireShallow Completed in 1ms
57 timing reify:createSparse Completed in 1ms
58 timing reify:loadBundles Completed in 0ms
59 silly audit bulk request { cdk: [ '2.66.1' ], 'aws-cdk': [ '2.66.1' ], fsevents: [ '2.3.2' ] }
60 verbose reify failed optional dependency /home/ec2-user/.nvm/versions/node/v16.19.1/lib/node_modules/cdk/node_modules/fsevents
61 silly reify mark deleted [
61 silly reify   '/home/ec2-user/.nvm/versions/node/v16.19.1/lib/node_modules/cdk/node_modules/fsevents'
61 silly reify ]
62 timing reifyNode:node_modules/cdk/node_modules/fsevents Completed in 3ms
63 silly tarball no local data for cdk@https://registry.npmjs.org/cdk/-/cdk-2.66.1.tgz. Extracting by manifest.
64 silly tarball no local data for aws-cdk@https://registry.npmjs.org/aws-cdk/-/aws-cdk-2.66.1.tgz. Extracting by manifest.
65 http fetch POST 200 https://registry.npmjs.org/-/npm/v1/security/advisories/bulk 49ms
66 timing auditReport:getReport Completed in 50ms
67 silly audit report {}
68 timing auditReport:init Completed in 0ms
69 timing reify:audit Completed in 51ms
70 http fetch GET 200 https://registry.npmjs.org/cdk/-/cdk-2.66.1.tgz 63ms (cache miss)
71 timing reifyNode:node_modules/cdk Completed in 74ms
72 http fetch GET 200 https://registry.npmjs.org/aws-cdk/-/aws-cdk-2.66.1.tgz 778ms (cache miss)
73 timing reifyNode:node_modules/cdk/node_modules/aws-cdk Completed in 790ms
74 timing reify:unpack Completed in 790ms
75 timing reify:unretire Completed in 0ms
76 timing build:queue Completed in 0ms
77 timing build:link:node_modules/cdk Completed in 1ms
78 timing build:link:node_modules/cdk/node_modules/aws-cdk Completed in 1ms
79 timing build:link Completed in 1ms
80 timing build:deps Completed in 2ms
81 timing build Completed in 3ms
82 timing reify:build Completed in 4ms
83 timing reify:trash Completed in 0ms
84 timing reify Completed in 1090ms
85 silly ADD node_modules/cdk
86 silly ADD
87 silly ADD node_modules/cdk/node_modules/aws-cdk
88 timing command:install Completed in 1094ms
89 verbose exit 0
90 timing npm Completed in 1212ms
91 info ok
