0 verbose cli /home/ec2-user/.nvm/versions/node/v16.19.1/bin/node /home/ec2-user/.nvm/versions/node/v16.19.1/bin/npm
1 info using npm@8.19.3
2 info using node@v16.19.1
3 timing npm:load:whichnode Completed in 1ms
4 timing config:load:defaults Completed in 2ms
5 timing config:load:file:/home/ec2-user/.nvm/versions/node/v16.19.1/lib/node_modules/npm/npmrc Completed in 17ms
6 timing config:load:builtin Completed in 17ms
7 timing config:load:cli Completed in 2ms
8 timing config:load:env Completed in 0ms
9 timing config:load:file:/home/ec2-user/environment/cms/.npmrc Completed in 0ms
10 timing config:load:project Completed in 10ms
11 timing config:load:file:/home/ec2-user/.npmrc Completed in 0ms
12 timing config:load:user Completed in 1ms
13 timing config:load:file:/home/ec2-user/.nvm/versions/node/v16.19.1/etc/npmrc Completed in 0ms
14 timing config:load:global Completed in 0ms
15 timing config:load:validate Completed in 1ms
16 timing config:load:credentials Completed in 3ms
17 timing config:load:setEnvs Completed in 1ms
18 timing config:load Completed in 38ms
19 timing npm:load:configload Completed in 38ms
20 timing npm:load:mkdirpcache Completed in 1ms
21 timing npm:load:mkdirplogs Completed in 0ms
22 verbose title npm install
23 verbose argv "install"
24 timing npm:load:setTitle Completed in 1ms
25 timing config:load:flatten Completed in 3ms
26 timing npm:load:display Completed in 6ms
27 verbose logfile logs-max:10 dir:/home/ec2-user/.npm/_logs
28 verbose logfile /home/ec2-user/.npm/_logs/2023-03-03T04_27_11_916Z-debug-0.log
29 timing npm:load:logFile Completed in 7ms
30 timing npm:load:timers Completed in 0ms
31 timing npm:load:configScope Completed in 0ms
32 timing npm:load Completed in 57ms
33 timing arborist:ctor Completed in 1ms
34 silly logfile done cleaning log files
35 timing arborist:ctor Completed in 0ms
36 timing idealTree:init Completed in 20ms
37 timing idealTree:userRequests Completed in 0ms
38 silly idealTree buildDeps
39 silly fetch manifest @tailwindcss/forms@^0.5.2
40 http fetch GET 200 https://registry.npmjs.org/@tailwindcss%2fforms 131ms (cache miss)
41 silly fetch manifest tailwindcss@^3.1.0
42 http fetch GET 200 https://registry.npmjs.org/tailwindcss 99ms (cache miss)
43 silly fetch manifest alpinejs@^3.4.2
44 http fetch GET 200 https://registry.npmjs.org/alpinejs 387ms (cache miss)
45 silly fetch manifest autoprefixer@^10.4.2
46 http fetch GET 200 https://registry.npmjs.org/autoprefixer 31ms (cache miss)
47 silly fetch manifest postcss@^8.4.6
48 http fetch GET 200 https://registry.npmjs.org/postcss 38ms (cache miss)
49 silly fetch manifest axios@^1.1.2
50 http fetch GET 200 https://registry.npmjs.org/axios 34ms (cache miss)
51 silly fetch manifest laravel-vite-plugin@^0.7.2
52 http fetch GET 200 https://registry.npmjs.org/laravel-vite-plugin 388ms (cache miss)
53 silly fetch manifest vite@^4.0.0
54 http fetch GET 200 https://registry.npmjs.org/vite 64ms (cache miss)
55 silly fetch manifest @types/node@>= 14
56 http fetch GET 200 https://registry.npmjs.org/@types%2fnode 115ms (cache miss)
57 silly fetch manifest less@*
58 http fetch GET 200 https://registry.npmjs.org/less 28ms (cache miss)
59 silly fetch manifest sass@*
60 http fetch GET 200 https://registry.npmjs.org/sass 59ms (cache miss)
61 silly fetch manifest stylus@*
62 http fetch GET 200 https://registry.npmjs.org/stylus 31ms (cache miss)
63 silly fetch manifest sugarss@*
64 http fetch GET 200 https://registry.npmjs.org/sugarss 378ms (cache miss)
65 silly fetch manifest terser@^5.4.0
66 http fetch GET 200 https://registry.npmjs.org/terser 28ms (cache miss)
67 silly fetch manifest lodash@^4.17.19
68 http fetch GET 200 https://registry.npmjs.org/lodash 42ms (cache revalidated)
69 silly placeDep ROOT @tailwindcss/forms@0.5.3 OK for:  want: ^0.5.2
70 silly placeDep ROOT tailwindcss@3.2.7 OK for: @tailwindcss/forms@0.5.3 want: >=3.0.0 || >= 3.0.0-alpha.1
71 silly placeDep ROOT alpinejs@3.11.1 OK for:  want: ^3.4.2
72 silly placeDep ROOT autoprefixer@10.4.13 OK for:  want: ^10.4.2
73 silly placeDep ROOT postcss@8.4.21 OK for: autoprefixer@10.4.13 want: ^8.1.0
74 silly placeDep ROOT axios@1.3.4 OK for:  want: ^1.1.2
75 silly placeDep ROOT laravel-vite-plugin@0.7.4 OK for:  want: ^0.7.2
76 silly placeDep ROOT vite@4.1.4 OK for: laravel-vite-plugin@0.7.4 want: ^3.0.0 || ^4.0.0
77 silly placeDep ROOT lodash@4.17.21 OK for:  want: ^4.17.19
78 silly fetch manifest mini-svg-data-uri@^1.2.3
79 silly fetch manifest arg@^5.0.2
80 silly fetch manifest chokidar@^3.5.3
81 silly fetch manifest color-name@^1.1.4
82 silly fetch manifest detective@^5.2.1
83 silly fetch manifest didyoumean@^1.2.2
84 silly fetch manifest dlv@^1.1.3
85 silly fetch manifest fast-glob@^3.2.12
86 silly fetch manifest glob-parent@^6.0.2
87 silly fetch manifest is-glob@^4.0.3
88 silly fetch manifest lilconfig@^2.0.6
89 silly fetch manifest micromatch@^4.0.5
90 silly fetch manifest normalize-path@^3.0.0
91 silly fetch manifest object-hash@^3.0.0
92 silly fetch manifest picocolors@^1.0.0
93 silly fetch manifest postcss-import@^14.1.0
94 silly fetch manifest postcss-js@^4.0.0
95 silly fetch manifest postcss-load-config@^3.1.4
96 silly fetch manifest postcss-nested@6.0.0
97 silly fetch manifest postcss-selector-parser@^6.0.11
98 silly fetch manifest postcss-value-parser@^4.2.0
99 silly fetch manifest quick-lru@^5.1.1
100 silly fetch manifest resolve@^1.22.1
101 silly fetch manifest @vue/reactivity@~3.1.1
102 silly fetch manifest browserslist@^4.21.4
103 silly fetch manifest caniuse-lite@^1.0.30001426
104 silly fetch manifest fraction.js@^4.2.0
105 silly fetch manifest normalize-range@^0.1.2
106 silly fetch manifest nanoid@^3.3.4
107 silly fetch manifest source-map-js@^1.0.2
108 silly fetch manifest follow-redirects@^1.15.0
109 silly fetch manifest form-data@^4.0.0
110 silly fetch manifest proxy-from-env@^1.1.0
111 silly fetch manifest vite-plugin-full-reload@^1.0.5
112 silly fetch manifest esbuild@^0.16.14
113 silly fetch manifest rollup@^3.10.0
114 silly fetch manifest fsevents@~2.3.2
115 http fetch GET 200 https://registry.npmjs.org/arg 119ms (cache miss)
116 http fetch GET 200 https://registry.npmjs.org/fsevents 374ms (cache revalidated)
117 http fetch GET 200 https://registry.npmjs.org/resolve 397ms (cache revalidated)
118 http fetch GET 200 https://registry.npmjs.org/color-name 422ms (cache revalidated)
119 http fetch GET 200 https://registry.npmjs.org/postcss-load-config 408ms (cache miss)
120 http fetch GET 200 https://registry.npmjs.org/picocolors 424ms (cache miss)
121 http fetch GET 200 https://registry.npmjs.org/didyoumean 436ms (cache miss)
122 http fetch GET 200 https://registry.npmjs.org/proxy-from-env 405ms (cache miss)
123 http fetch GET 200 https://registry.npmjs.org/postcss-nested 428ms (cache miss)
124 http fetch GET 200 https://registry.npmjs.org/normalize-range 420ms (cache miss)
125 http fetch GET 200 https://registry.npmjs.org/vite-plugin-full-reload 409ms (cache miss)
126 http fetch GET 200 https://registry.npmjs.org/source-map-js 419ms (cache miss)
127 http fetch GET 200 https://registry.npmjs.org/is-glob 441ms (cache miss)
128 http fetch GET 200 https://registry.npmjs.org/fraction.js 427ms (cache miss)
129 http fetch GET 200 https://registry.npmjs.org/dlv 447ms (cache miss)
130 http fetch GET 200 https://registry.npmjs.org/postcss-value-parser 438ms (cache miss)
131 http fetch GET 200 https://registry.npmjs.org/normalize-path 447ms (cache miss)
132 http fetch GET 200 https://registry.npmjs.org/mini-svg-data-uri 466ms (cache miss)
133 http fetch GET 200 https://registry.npmjs.org/glob-parent 453ms (cache miss)
134 http fetch GET 200 https://registry.npmjs.org/quick-lru 454ms (cache miss)
135 http fetch GET 200 https://registry.npmjs.org/lilconfig 467ms (cache miss)
136 http fetch GET 200 https://registry.npmjs.org/postcss-js 472ms (cache miss)
137 http fetch GET 200 https://registry.npmjs.org/detective 492ms (cache miss)
138 http fetch GET 200 https://registry.npmjs.org/form-data 469ms (cache miss)
139 http fetch GET 200 https://registry.npmjs.org/follow-redirects 470ms (cache miss)
140 http fetch GET 200 https://registry.npmjs.org/nanoid 478ms (cache miss)
141 http fetch GET 200 https://registry.npmjs.org/object-hash 494ms (cache miss)
142 http fetch GET 200 https://registry.npmjs.org/postcss-import 495ms (cache miss)
143 http fetch GET 200 https://registry.npmjs.org/postcss-selector-parser 497ms (cache miss)
144 http fetch GET 200 https://registry.npmjs.org/micromatch 507ms (cache miss)
145 http fetch GET 200 https://registry.npmjs.org/fast-glob 516ms (cache miss)
146 http fetch GET 200 https://registry.npmjs.org/@vue%2freactivity 503ms (cache miss)
147 http fetch GET 200 https://registry.npmjs.org/chokidar 536ms (cache miss)
148 http fetch GET 200 https://registry.npmjs.org/esbuild 499ms (cache miss)
149 http fetch GET 200 https://registry.npmjs.org/browserslist 542ms (cache miss)
150 http fetch GET 200 https://registry.npmjs.org/caniuse-lite 545ms (cache miss)
151 http fetch GET 200 https://registry.npmjs.org/rollup 602ms (cache miss)
152 timing idealTree:#root Completed in 2669ms
153 silly placeDep ROOT mini-svg-data-uri@1.4.4 OK for: @tailwindcss/forms@0.5.3 want: ^1.2.3
154 timing idealTree:node_modules/@tailwindcss/forms Completed in 3ms
155 silly placeDep ROOT @vue/reactivity@3.1.5 OK for: alpinejs@3.11.1 want: ~3.1.1
156 silly fetch manifest @vue/shared@3.1.5
157 http fetch GET 200 https://registry.npmjs.org/@vue%2fshared 48ms (cache miss)
158 timing idealTree:node_modules/alpinejs Completed in 52ms
159 silly placeDep ROOT @vue/shared@3.1.5 OK for: @vue/reactivity@3.1.5 want: 3.1.5
160 timing idealTree:node_modules/@vue/reactivity Completed in 2ms
161 timing idealTree:node_modules/@vue/shared Completed in 0ms
162 silly placeDep ROOT browserslist@4.21.5 OK for: autoprefixer@10.4.13 want: ^4.21.4
163 silly placeDep ROOT caniuse-lite@1.0.30001458 OK for: autoprefixer@10.4.13 want: ^1.0.30001426
164 silly placeDep ROOT fraction.js@4.2.0 OK for: autoprefixer@10.4.13 want: ^4.2.0
165 silly placeDep ROOT normalize-range@0.1.2 OK for: autoprefixer@10.4.13 want: ^0.1.2
166 silly placeDep ROOT picocolors@1.0.0 OK for: autoprefixer@10.4.13 want: ^1.0.0
167 silly placeDep ROOT postcss-value-parser@4.2.0 OK for: autoprefixer@10.4.13 want: ^4.2.0
168 silly fetch manifest electron-to-chromium@^1.4.284
169 silly fetch manifest node-releases@^2.0.8
170 silly fetch manifest update-browserslist-db@^1.0.10
171 http fetch GET 200 https://registry.npmjs.org/node-releases 48ms (cache miss)
172 http fetch GET 200 https://registry.npmjs.org/update-browserslist-db 48ms (cache miss)
173 http fetch GET 200 https://registry.npmjs.org/electron-to-chromium 71ms (cache miss)
174 timing idealTree:node_modules/autoprefixer Completed in 99ms
175 silly placeDep ROOT follow-redirects@1.15.2 OK for: axios@1.3.4 want: ^1.15.0
176 silly placeDep ROOT form-data@4.0.0 OK for: axios@1.3.4 want: ^4.0.0
177 silly placeDep ROOT proxy-from-env@1.1.0 OK for: axios@1.3.4 want: ^1.1.0
178 silly fetch manifest asynckit@^0.4.0
179 silly fetch manifest combined-stream@^1.0.8
180 silly fetch manifest mime-types@^2.1.12
181 http fetch GET 200 https://registry.npmjs.org/asynckit 21ms (cache miss)
182 http fetch GET 200 https://registry.npmjs.org/combined-stream 29ms (cache miss)
183 http fetch GET 200 https://registry.npmjs.org/mime-types 33ms (cache miss)
184 timing idealTree:node_modules/axios Completed in 49ms
185 silly fetch manifest browserslist@>= 4.21.0
186 silly placeDep ROOT electron-to-chromium@1.4.317 OK for: browserslist@4.21.5 want: ^1.4.284
187 silly placeDep ROOT node-releases@2.0.10 OK for: browserslist@4.21.5 want: ^2.0.8
188 silly placeDep ROOT update-browserslist-db@1.0.10 OK for: browserslist@4.21.5 want: ^1.0.10
189 silly fetch manifest escalade@^3.1.1
190 http fetch GET 200 https://registry.npmjs.org/escalade 28ms (cache miss)
191 timing idealTree:node_modules/browserslist Completed in 41ms
192 timing idealTree:node_modules/caniuse-lite Completed in 0ms
193 timing idealTree:node_modules/electron-to-chromium Completed in 0ms
194 timing idealTree:node_modules/follow-redirects Completed in 0ms
195 silly placeDep ROOT asynckit@0.4.0 OK for: form-data@4.0.0 want: ^0.4.0
196 silly placeDep ROOT combined-stream@1.0.8 OK for: form-data@4.0.0 want: ^1.0.8
197 silly placeDep ROOT mime-types@2.1.35 OK for: form-data@4.0.0 want: ^2.1.12
198 silly fetch manifest delayed-stream@~1.0.0
199 silly fetch manifest mime-db@1.52.0
200 http fetch GET 200 https://registry.npmjs.org/delayed-stream 20ms (cache miss)
201 http fetch GET 200 https://registry.npmjs.org/mime-db 25ms (cache miss)
202 timing idealTree:node_modules/form-data Completed in 32ms
203 timing idealTree:node_modules/asynckit Completed in 0ms
204 silly placeDep ROOT delayed-stream@1.0.0 OK for: combined-stream@1.0.8 want: ~1.0.0
205 timing idealTree:node_modules/combined-stream Completed in 1ms
206 timing idealTree:node_modules/delayed-stream Completed in 0ms
207 timing idealTree:node_modules/fraction.js Completed in 0ms
208 silly fetch manifest vite@^3.0.0 || ^4.0.0
209 silly fetch manifest postcss@^8.3.3
210 silly placeDep ROOT vite-plugin-full-reload@1.0.5 OK for: laravel-vite-plugin@0.7.4 want: ^1.0.5
211 silly fetch manifest picomatch@^2.3.1
212 http fetch GET 200 https://registry.npmjs.org/picomatch 30ms (cache miss)
213 timing idealTree:node_modules/laravel-vite-plugin Completed in 40ms
214 timing idealTree:node_modules/lodash Completed in 0ms
215 silly placeDep ROOT mime-db@1.52.0 OK for: mime-types@2.1.35 want: 1.52.0
216 timing idealTree:node_modules/mime-types Completed in 1ms
217 timing idealTree:node_modules/mime-db Completed in 0ms
218 timing idealTree:node_modules/mini-svg-data-uri Completed in 0ms
219 timing idealTree:node_modules/node-releases Completed in 0ms
220 timing idealTree:node_modules/normalize-range Completed in 1ms
221 timing idealTree:node_modules/picocolors Completed in 0ms
222 silly placeDep ROOT nanoid@3.3.4 OK for: postcss@8.4.21 want: ^3.3.4
223 silly placeDep ROOT source-map-js@1.0.2 OK for: postcss@8.4.21 want: ^1.0.2
224 timing idealTree:node_modules/postcss Completed in 2ms
225 timing idealTree:node_modules/nanoid Completed in 0ms
226 timing idealTree:node_modules/postcss-value-parser Completed in 0ms
227 timing idealTree:node_modules/proxy-from-env Completed in 0ms
228 timing idealTree:node_modules/source-map-js Completed in 0ms
229 silly fetch manifest postcss@^8.0.9
230 silly fetch manifest ts-node@>=9.0.0
231 http fetch GET 200 https://registry.npmjs.org/ts-node 39ms (cache miss)
232 silly fetch manifest @swc/core@>=1.2.50
233 http fetch GET 200 https://registry.npmjs.org/@swc%2fcore 128ms (cache miss)
234 silly fetch manifest @swc/wasm@>=1.2.50
235 http fetch GET 200 https://registry.npmjs.org/@swc%2fwasm 47ms (cache miss)
236 silly fetch manifest @types/node@*
237 silly fetch manifest typescript@>=2.7
238 http fetch GET 200 https://registry.npmjs.org/typescript 139ms (cache updated)
239 silly placeDep ROOT arg@5.0.2 OK for: tailwindcss@3.2.7 want: ^5.0.2
240 silly placeDep ROOT chokidar@3.5.3 OK for: tailwindcss@3.2.7 want: ^3.5.3
241 silly placeDep ROOT color-name@1.1.4 OK for: tailwindcss@3.2.7 want: ^1.1.4
242 silly placeDep ROOT detective@5.2.1 OK for: tailwindcss@3.2.7 want: ^5.2.1
243 silly placeDep ROOT didyoumean@1.2.2 OK for: tailwindcss@3.2.7 want: ^1.2.2
244 silly placeDep ROOT dlv@1.1.3 OK for: tailwindcss@3.2.7 want: ^1.1.3
245 silly placeDep ROOT fast-glob@3.2.12 OK for: tailwindcss@3.2.7 want: ^3.2.12
246 silly placeDep ROOT glob-parent@6.0.2 OK for: tailwindcss@3.2.7 want: ^6.0.2
247 silly placeDep ROOT is-glob@4.0.3 OK for: tailwindcss@3.2.7 want: ^4.0.3
248 silly placeDep ROOT lilconfig@2.1.0 OK for: tailwindcss@3.2.7 want: ^2.0.6
249 silly placeDep ROOT micromatch@4.0.5 OK for: tailwindcss@3.2.7 want: ^4.0.5
250 silly placeDep ROOT normalize-path@3.0.0 OK for: tailwindcss@3.2.7 want: ^3.0.0
251 silly placeDep ROOT object-hash@3.0.0 OK for: tailwindcss@3.2.7 want: ^3.0.0
252 silly placeDep ROOT postcss-import@14.1.0 OK for: tailwindcss@3.2.7 want: ^14.1.0
253 silly placeDep ROOT postcss-js@4.0.1 OK for: tailwindcss@3.2.7 want: ^4.0.0
254 silly placeDep ROOT postcss-load-config@3.1.4 OK for: tailwindcss@3.2.7 want: ^3.1.4
255 silly placeDep ROOT postcss-nested@6.0.0 OK for: tailwindcss@3.2.7 want: 6.0.0
256 silly placeDep ROOT postcss-selector-parser@6.0.11 OK for: tailwindcss@3.2.7 want: ^6.0.11
257 silly placeDep ROOT quick-lru@5.1.1 OK for: tailwindcss@3.2.7 want: ^5.1.1
258 silly placeDep ROOT resolve@1.22.1 OK for: tailwindcss@3.2.7 want: ^1.22.1
259 silly fetch manifest anymatch@~3.1.2
260 silly fetch manifest braces@~3.0.2
261 silly fetch manifest glob-parent@~5.1.2
262 silly fetch manifest is-binary-path@~2.1.0
263 silly fetch manifest readdirp@~3.6.0
264 silly fetch manifest acorn-node@^1.8.2
265 silly fetch manifest defined@^1.0.0
266 silly fetch manifest minimist@^1.2.6
267 silly fetch manifest @nodelib/fs.stat@^2.0.2
268 silly fetch manifest @nodelib/fs.walk@^1.2.3
269 silly fetch manifest glob-parent@^5.1.2
270 silly fetch manifest merge2@^1.3.0
271 silly fetch manifest is-extglob@^2.1.1
272 silly fetch manifest braces@^3.0.2
273 silly fetch manifest read-cache@^1.0.0
274 silly fetch manifest camelcase-css@^2.0.1
275 silly fetch manifest yaml@^1.10.2
276 silly fetch manifest cssesc@^3.0.0
277 silly fetch manifest util-deprecate@^1.0.2
278 silly fetch manifest is-core-module@^2.9.0
279 silly fetch manifest path-parse@^1.0.7
280 silly fetch manifest supports-preserve-symlinks-flag@^1.0.0
281 http fetch GET 200 https://registry.npmjs.org/defined 129ms (cache miss)
282 http fetch GET 200 https://registry.npmjs.org/braces 134ms (cache miss)
283 http fetch GET 200 https://registry.npmjs.org/merge2 127ms (cache miss)
284 http fetch GET 200 https://registry.npmjs.org/is-extglob 126ms (cache miss)
285 http fetch GET 200 https://registry.npmjs.org/cssesc 122ms (cache miss)
286 http fetch GET 200 https://registry.npmjs.org/is-binary-path 143ms (cache miss)
287 http fetch GET 200 https://registry.npmjs.org/braces 134ms (cache miss)
288 http fetch GET 200 https://registry.npmjs.org/readdirp 144ms (cache miss)
289 http fetch GET 200 https://registry.npmjs.org/@nodelib%2ffs.stat 141ms (cache miss)
290 http fetch GET 200 https://registry.npmjs.org/read-cache 137ms (cache miss)
291 http fetch GET 200 https://registry.npmjs.org/anymatch 150ms (cache miss)
292 http fetch GET 200 https://registry.npmjs.org/camelcase-css 137ms (cache miss)
293 http fetch GET 200 https://registry.npmjs.org/util-deprecate 130ms (cache miss)
294 http fetch GET 200 https://registry.npmjs.org/yaml 140ms (cache miss)
295 http fetch GET 200 https://registry.npmjs.org/acorn-node 166ms (cache miss)
296 http fetch GET 200 https://registry.npmjs.org/is-core-module 150ms (cache revalidated)
297 http fetch GET 200 https://registry.npmjs.org/supports-preserve-symlinks-flag 150ms (cache revalidated)
298 http fetch GET 200 https://registry.npmjs.org/minimist 169ms (cache revalidated)
299 http fetch GET 200 https://registry.npmjs.org/@nodelib%2ffs.walk 167ms (cache miss)
300 http fetch GET 200 https://registry.npmjs.org/path-parse 153ms (cache revalidated)
301 timing idealTree:node_modules/tailwindcss Completed in 722ms
302 timing idealTree:node_modules/arg Completed in 0ms
303 silly placeDep ROOT anymatch@3.1.3 OK for: chokidar@3.5.3 want: ~3.1.2
304 silly placeDep ROOT braces@3.0.2 OK for: chokidar@3.5.3 want: ~3.0.2
305 silly placeDep ROOT fsevents@2.3.2 OK for: chokidar@3.5.3 want: ~2.3.2
306 silly placeDep node_modules/chokidar glob-parent@5.1.2 OK for: chokidar@3.5.3 want: ~5.1.2
307 silly placeDep ROOT is-binary-path@2.1.0 OK for: chokidar@3.5.3 want: ~2.1.0
308 silly placeDep ROOT readdirp@3.6.0 OK for: chokidar@3.5.3 want: ~3.6.0
309 silly fetch manifest picomatch@^2.0.4
310 silly fetch manifest fill-range@^7.0.1
311 silly fetch manifest binary-extensions@^2.0.0
312 silly fetch manifest picomatch@^2.2.1
313 http fetch GET 200 https://registry.npmjs.org/binary-extensions 31ms (cache miss)
314 http fetch GET 200 https://registry.npmjs.org/fill-range 34ms (cache miss)
315 timing idealTree:node_modules/chokidar Completed in 51ms
316 silly placeDep ROOT picomatch@2.3.1 OK for: anymatch@3.1.3 want: ^2.0.4
317 timing idealTree:node_modules/anymatch Completed in 1ms
318 silly placeDep ROOT fill-range@7.0.1 OK for: braces@3.0.2 want: ^7.0.1
319 silly fetch manifest to-regex-range@^5.0.1
320 http fetch GET 200 https://registry.npmjs.org/to-regex-range 50ms (cache miss)
321 timing idealTree:node_modules/braces Completed in 52ms
322 timing idealTree:node_modules/color-name Completed in 1ms
323 silly placeDep ROOT acorn-node@1.8.2 OK for: detective@5.2.1 want: ^1.8.2
324 silly placeDep ROOT defined@1.0.1 OK for: detective@5.2.1 want: ^1.0.0
325 silly placeDep ROOT minimist@1.2.8 OK for: detective@5.2.1 want: ^1.2.6
326 silly fetch manifest acorn@^7.0.0
327 silly fetch manifest acorn-walk@^7.0.0
328 silly fetch manifest xtend@^4.0.2
329 http fetch GET 200 https://registry.npmjs.org/acorn-walk 22ms (cache miss)
330 http fetch GET 200 https://registry.npmjs.org/acorn 33ms (cache miss)
331 http fetch GET 200 https://registry.npmjs.org/xtend 45ms (cache miss)
332 timing idealTree:node_modules/detective Completed in 59ms
333 silly placeDep ROOT acorn@7.4.1 OK for: acorn-node@1.8.2 want: ^7.0.0
334 silly placeDep ROOT acorn-walk@7.2.0 OK for: acorn-node@1.8.2 want: ^7.0.0
335 silly placeDep ROOT xtend@4.0.2 OK for: acorn-node@1.8.2 want: ^4.0.2
336 timing idealTree:node_modules/acorn-node Completed in 4ms
337 timing idealTree:node_modules/acorn Completed in 0ms
338 timing idealTree:node_modules/acorn-walk Completed in 0ms
339 timing idealTree:node_modules/defined Completed in 0ms
340 timing idealTree:node_modules/didyoumean Completed in 0ms
341 timing idealTree:node_modules/dlv Completed in 0ms
342 silly placeDep ROOT @nodelib/fs.stat@2.0.5 OK for: fast-glob@3.2.12 want: ^2.0.2
343 silly placeDep ROOT @nodelib/fs.walk@1.2.8 OK for: fast-glob@3.2.12 want: ^1.2.3
344 silly placeDep node_modules/fast-glob glob-parent@5.1.2 OK for: fast-glob@3.2.12 want: ^5.1.2
345 silly placeDep ROOT merge2@1.4.1 OK for: fast-glob@3.2.12 want: ^1.3.0
346 silly fetch manifest @nodelib/fs.scandir@2.1.5
347 silly fetch manifest fastq@^1.6.0
348 http fetch GET 200 https://registry.npmjs.org/fastq 26ms (cache miss)
349 http fetch GET 200 https://registry.npmjs.org/@nodelib%2ffs.scandir 61ms (cache miss)
350 timing idealTree:node_modules/fast-glob Completed in 75ms
351 timing idealTree:node_modules/@nodelib/fs.stat Completed in 0ms
352 silly placeDep ROOT @nodelib/fs.scandir@2.1.5 OK for: @nodelib/fs.walk@1.2.8 want: 2.1.5
353 silly placeDep ROOT fastq@1.15.0 OK for: @nodelib/fs.walk@1.2.8 want: ^1.6.0
354 silly fetch manifest run-parallel@^1.1.9
355 silly fetch manifest reusify@^1.0.4
356 http fetch GET 200 https://registry.npmjs.org/run-parallel 34ms (cache miss)
357 http fetch GET 200 https://registry.npmjs.org/reusify 34ms (cache miss)
358 timing idealTree:node_modules/@nodelib/fs.walk Completed in 38ms
359 silly placeDep ROOT run-parallel@1.2.0 OK for: @nodelib/fs.scandir@2.1.5 want: ^1.1.9
360 silly fetch manifest queue-microtask@^1.2.2
361 http fetch GET 200 https://registry.npmjs.org/queue-microtask 40ms (cache miss)
362 timing idealTree:node_modules/@nodelib/fs.scandir Completed in 42ms
363 silly placeDep ROOT reusify@1.0.4 OK for: fastq@1.15.0 want: ^1.0.4
364 timing idealTree:node_modules/fastq Completed in 1ms
365 silly placeDep ROOT to-regex-range@5.0.1 OK for: fill-range@7.0.1 want: ^5.0.1
366 silly fetch manifest is-number@^7.0.0
367 http fetch GET 200 https://registry.npmjs.org/is-number 25ms (cache miss)
368 timing idealTree:node_modules/fill-range Completed in 27ms
369 timing idealTree:node_modules/fsevents Completed in 0ms
370 timing idealTree:node_modules/glob-parent Completed in 0ms
371 silly placeDep ROOT binary-extensions@2.2.0 OK for: is-binary-path@2.1.0 want: ^2.0.0
372 timing idealTree:node_modules/is-binary-path Completed in 2ms
373 timing idealTree:node_modules/binary-extensions Completed in 0ms
374 silly placeDep ROOT is-extglob@2.1.1 OK for: is-glob@4.0.3 want: ^2.1.1
375 timing idealTree:node_modules/is-glob Completed in 1ms
376 timing idealTree:node_modules/is-extglob Completed in 0ms
377 timing idealTree:node_modules/lilconfig Completed in 0ms
378 timing idealTree:node_modules/merge2 Completed in 0ms
379 timing idealTree:node_modules/micromatch Completed in 0ms
380 timing idealTree:node_modules/minimist Completed in 0ms
381 timing idealTree:node_modules/normalize-path Completed in 1ms
382 timing idealTree:node_modules/object-hash Completed in 0ms
383 timing idealTree:node_modules/picomatch Completed in 0ms
384 silly placeDep ROOT read-cache@1.0.0 OK for: postcss-import@14.1.0 want: ^1.0.0
385 silly fetch manifest pify@^2.3.0
386 http fetch GET 200 https://registry.npmjs.org/pify 22ms (cache miss)
387 timing idealTree:node_modules/postcss-import Completed in 24ms
388 silly placeDep ROOT camelcase-css@2.0.1 OK for: postcss-js@4.0.1 want: ^2.0.1
389 timing idealTree:node_modules/postcss-js Completed in 2ms
390 timing idealTree:node_modules/camelcase-css Completed in 0ms
391 silly placeDep ROOT yaml@1.10.2 OK for: postcss-load-config@3.1.4 want: ^1.10.2
392 timing idealTree:node_modules/postcss-load-config Completed in 1ms
393 timing idealTree:node_modules/postcss-nested Completed in 0ms
394 silly placeDep ROOT cssesc@3.0.0 OK for: postcss-selector-parser@6.0.11 want: ^3.0.0
395 silly placeDep ROOT util-deprecate@1.0.2 OK for: postcss-selector-parser@6.0.11 want: ^1.0.2
396 timing idealTree:node_modules/postcss-selector-parser Completed in 7ms
397 timing idealTree:node_modules/cssesc Completed in 0ms
398 timing idealTree:node_modules/quick-lru Completed in 0ms
399 silly placeDep ROOT pify@2.3.0 OK for: read-cache@1.0.0 want: ^2.3.0
400 timing idealTree:node_modules/read-cache Completed in 2ms
401 timing idealTree:node_modules/pify Completed in 0ms
402 timing idealTree:node_modules/readdirp Completed in 0ms
403 silly placeDep ROOT is-core-module@2.11.0 OK for: resolve@1.22.1 want: ^2.9.0
404 silly placeDep ROOT path-parse@1.0.7 OK for: resolve@1.22.1 want: ^1.0.7
405 silly placeDep ROOT supports-preserve-symlinks-flag@1.0.0 OK for: resolve@1.22.1 want: ^1.0.0
406 silly fetch manifest has@^1.0.3
407 http fetch GET 200 https://registry.npmjs.org/has 31ms (cache revalidated)
408 timing idealTree:node_modules/resolve Completed in 39ms
409 silly placeDep ROOT has@1.0.3 OK for: is-core-module@2.11.0 want: ^1.0.3
410 silly fetch manifest function-bind@^1.1.1
411 http fetch GET 200 https://registry.npmjs.org/function-bind 34ms (cache revalidated)
412 timing idealTree:node_modules/is-core-module Completed in 37ms
413 silly placeDep ROOT function-bind@1.1.1 OK for: has@1.0.3 want: ^1.1.1
414 timing idealTree:node_modules/has Completed in 1ms
415 timing idealTree:node_modules/function-bind Completed in 0ms
416 timing idealTree:node_modules/path-parse Completed in 0ms
417 timing idealTree:node_modules/reusify Completed in 0ms
418 silly placeDep ROOT queue-microtask@1.2.3 OK for: run-parallel@1.2.0 want: ^1.2.2
419 timing idealTree:node_modules/run-parallel Completed in 1ms
420 timing idealTree:node_modules/queue-microtask Completed in 0ms
421 timing idealTree:node_modules/supports-preserve-symlinks-flag Completed in 0ms
422 silly placeDep ROOT is-number@7.0.0 OK for: to-regex-range@5.0.1 want: ^7.0.0
423 timing idealTree:node_modules/to-regex-range Completed in 1ms
424 timing idealTree:node_modules/is-number Completed in 0ms
425 silly placeDep ROOT escalade@3.1.1 OK for: update-browserslist-db@1.0.10 want: ^3.1.1
426 timing idealTree:node_modules/update-browserslist-db Completed in 1ms
427 timing idealTree:node_modules/escalade Completed in 0ms
428 timing idealTree:node_modules/util-deprecate Completed in 0ms
429 silly placeDep ROOT esbuild@0.16.17 OK for: vite@4.1.4 want: ^0.16.14
430 silly placeDep ROOT rollup@3.18.0 OK for: vite@4.1.4 want: ^3.10.0
431 silly fetch manifest @esbuild/android-arm@0.16.17
432 silly fetch manifest @esbuild/android-arm64@0.16.17
433 silly fetch manifest @esbuild/android-x64@0.16.17
434 silly fetch manifest @esbuild/darwin-arm64@0.16.17
435 silly fetch manifest @esbuild/darwin-x64@0.16.17
436 silly fetch manifest @esbuild/freebsd-arm64@0.16.17
437 silly fetch manifest @esbuild/freebsd-x64@0.16.17
438 silly fetch manifest @esbuild/linux-arm@0.16.17
439 silly fetch manifest @esbuild/linux-arm64@0.16.17
440 silly fetch manifest @esbuild/linux-ia32@0.16.17
441 silly fetch manifest @esbuild/linux-loong64@0.16.17
442 silly fetch manifest @esbuild/linux-mips64el@0.16.17
443 silly fetch manifest @esbuild/linux-ppc64@0.16.17
444 silly fetch manifest @esbuild/linux-riscv64@0.16.17
445 silly fetch manifest @esbuild/linux-s390x@0.16.17
446 silly fetch manifest @esbuild/linux-x64@0.16.17
447 silly fetch manifest @esbuild/netbsd-x64@0.16.17
448 silly fetch manifest @esbuild/openbsd-x64@0.16.17
449 silly fetch manifest @esbuild/sunos-x64@0.16.17
450 silly fetch manifest @esbuild/win32-arm64@0.16.17
451 silly fetch manifest @esbuild/win32-ia32@0.16.17
452 silly fetch manifest @esbuild/win32-x64@0.16.17
453 http fetch GET 200 https://registry.npmjs.org/@esbuild%2fandroid-x64 242ms (cache miss)
454 http fetch GET 200 https://registry.npmjs.org/@esbuild%2fandroid-arm 245ms (cache miss)
455 http fetch GET 200 https://registry.npmjs.org/@esbuild%2ffreebsd-x64 242ms (cache miss)
456 http fetch GET 200 https://registry.npmjs.org/@esbuild%2flinux-x64 230ms (cache miss)
457 http fetch GET 200 https://registry.npmjs.org/@esbuild%2flinux-s390x 232ms (cache miss)
458 http fetch GET 200 https://registry.npmjs.org/@esbuild%2ffreebsd-arm64 246ms (cache miss)
459 http fetch GET 200 https://registry.npmjs.org/@esbuild%2fwin32-arm64 230ms (cache miss)
460 http fetch GET 200 https://registry.npmjs.org/@esbuild%2fnetbsd-x64 234ms (cache miss)
461 http fetch GET 200 https://registry.npmjs.org/@esbuild%2fdarwin-arm64 251ms (cache miss)
462 http fetch GET 200 https://registry.npmjs.org/@esbuild%2flinux-loong64 245ms (cache miss)
463 http fetch GET 200 https://registry.npmjs.org/@esbuild%2flinux-ia32 248ms (cache miss)
464 http fetch GET 200 https://registry.npmjs.org/@esbuild%2flinux-arm64 251ms (cache miss)
465 http fetch GET 200 https://registry.npmjs.org/@esbuild%2fwin32-ia32 240ms (cache miss)
466 http fetch GET 200 https://registry.npmjs.org/@esbuild%2flinux-arm 255ms (cache miss)
467 http fetch GET 200 https://registry.npmjs.org/@esbuild%2flinux-mips64el 253ms (cache miss)
468 http fetch GET 200 https://registry.npmjs.org/@esbuild%2flinux-ppc64 248ms (cache miss)
469 http fetch GET 200 https://registry.npmjs.org/@esbuild%2fsunos-x64 243ms (cache miss)
470 http fetch GET 200 https://registry.npmjs.org/@esbuild%2fwin32-x64 242ms (cache miss)
471 http fetch GET 200 https://registry.npmjs.org/@esbuild%2fopenbsd-x64 246ms (cache miss)
472 http fetch GET 200 https://registry.npmjs.org/@esbuild%2flinux-riscv64 251ms (cache miss)
473 http fetch GET 200 https://registry.npmjs.org/@esbuild%2fdarwin-x64 264ms (cache miss)
474 http fetch GET 200 https://registry.npmjs.org/@esbuild%2fandroid-arm64 497ms (cache miss)
475 timing idealTree:node_modules/vite Completed in 502ms
476 silly placeDep ROOT @esbuild/android-arm@0.16.17 OK for: esbuild@0.16.17 want: 0.16.17
477 silly placeDep ROOT @esbuild/android-arm64@0.16.17 OK for: esbuild@0.16.17 want: 0.16.17
478 silly placeDep ROOT @esbuild/android-x64@0.16.17 OK for: esbuild@0.16.17 want: 0.16.17
479 silly placeDep ROOT @esbuild/darwin-arm64@0.16.17 OK for: esbuild@0.16.17 want: 0.16.17
480 silly placeDep ROOT @esbuild/darwin-x64@0.16.17 OK for: esbuild@0.16.17 want: 0.16.17
481 silly placeDep ROOT @esbuild/freebsd-arm64@0.16.17 OK for: esbuild@0.16.17 want: 0.16.17
482 silly placeDep ROOT @esbuild/freebsd-x64@0.16.17 OK for: esbuild@0.16.17 want: 0.16.17
483 silly placeDep ROOT @esbuild/linux-arm@0.16.17 OK for: esbuild@0.16.17 want: 0.16.17
484 silly placeDep ROOT @esbuild/linux-arm64@0.16.17 OK for: esbuild@0.16.17 want: 0.16.17
485 silly placeDep ROOT @esbuild/linux-ia32@0.16.17 OK for: esbuild@0.16.17 want: 0.16.17
486 silly placeDep ROOT @esbuild/linux-loong64@0.16.17 OK for: esbuild@0.16.17 want: 0.16.17
487 silly placeDep ROOT @esbuild/linux-mips64el@0.16.17 OK for: esbuild@0.16.17 want: 0.16.17
488 silly placeDep ROOT @esbuild/linux-ppc64@0.16.17 OK for: esbuild@0.16.17 want: 0.16.17
489 silly placeDep ROOT @esbuild/linux-riscv64@0.16.17 OK for: esbuild@0.16.17 want: 0.16.17
490 silly placeDep ROOT @esbuild/linux-s390x@0.16.17 OK for: esbuild@0.16.17 want: 0.16.17
491 silly placeDep ROOT @esbuild/linux-x64@0.16.17 OK for: esbuild@0.16.17 want: 0.16.17
492 silly placeDep ROOT @esbuild/netbsd-x64@0.16.17 OK for: esbuild@0.16.17 want: 0.16.17
493 silly placeDep ROOT @esbuild/openbsd-x64@0.16.17 OK for: esbuild@0.16.17 want: 0.16.17
494 silly placeDep ROOT @esbuild/sunos-x64@0.16.17 OK for: esbuild@0.16.17 want: 0.16.17
495 silly placeDep ROOT @esbuild/win32-arm64@0.16.17 OK for: esbuild@0.16.17 want: 0.16.17
496 silly placeDep ROOT @esbuild/win32-ia32@0.16.17 OK for: esbuild@0.16.17 want: 0.16.17
497 silly placeDep ROOT @esbuild/win32-x64@0.16.17 OK for: esbuild@0.16.17 want: 0.16.17
498 timing idealTree:node_modules/esbuild Completed in 46ms
499 timing idealTree:node_modules/@esbuild/android-arm Completed in 0ms
500 timing idealTree:node_modules/@esbuild/android-arm64 Completed in 0ms
501 timing idealTree:node_modules/@esbuild/android-x64 Completed in 0ms
502 timing idealTree:node_modules/@esbuild/darwin-arm64 Completed in 0ms
503 timing idealTree:node_modules/@esbuild/darwin-x64 Completed in 0ms
504 timing idealTree:node_modules/@esbuild/freebsd-arm64 Completed in 0ms
505 timing idealTree:node_modules/@esbuild/freebsd-x64 Completed in 0ms
506 timing idealTree:node_modules/@esbuild/linux-arm Completed in 0ms
507 timing idealTree:node_modules/@esbuild/linux-arm64 Completed in 0ms
508 timing idealTree:node_modules/@esbuild/linux-ia32 Completed in 0ms
509 timing idealTree:node_modules/@esbuild/linux-loong64 Completed in 0ms
510 timing idealTree:node_modules/@esbuild/linux-mips64el Completed in 0ms
511 timing idealTree:node_modules/@esbuild/linux-ppc64 Completed in 0ms
512 timing idealTree:node_modules/@esbuild/linux-riscv64 Completed in 0ms
513 timing idealTree:node_modules/@esbuild/linux-s390x Completed in 0ms
514 timing idealTree:node_modules/@esbuild/linux-x64 Completed in 0ms
515 timing idealTree:node_modules/@esbuild/netbsd-x64 Completed in 0ms
516 timing idealTree:node_modules/@esbuild/openbsd-x64 Completed in 0ms
517 timing idealTree:node_modules/@esbuild/sunos-x64 Completed in 0ms
518 timing idealTree:node_modules/@esbuild/win32-arm64 Completed in 0ms
519 timing idealTree:node_modules/@esbuild/win32-ia32 Completed in 0ms
520 timing idealTree:node_modules/@esbuild/win32-x64 Completed in 0ms
521 timing idealTree:node_modules/rollup Completed in 0ms
522 timing idealTree:node_modules/vite-plugin-full-reload Completed in 0ms
523 timing idealTree:node_modules/xtend Completed in 0ms
524 timing idealTree:node_modules/yaml Completed in 0ms
525 timing idealTree:node_modules/chokidar/node_modules/glob-parent Completed in 0ms
526 timing idealTree:node_modules/fast-glob/node_modules/glob-parent Completed in 0ms
527 timing idealTree:buildDeps Completed in 4747ms
528 timing idealTree:fixDepFlags Completed in 1ms
529 timing idealTree Completed in 4773ms
530 timing reify:loadTrees Completed in 4775ms
531 timing reify:diffTrees Completed in 7ms
532 silly reify moves {}
533 timing reify:retireShallow Completed in 1ms
534 timing reify:createSparse Completed in 35ms
535 timing reify:loadBundles Completed in 0ms
536 silly audit bulk request {
536 silly audit   '@tailwindcss/forms': [ '0.5.3' ],
536 silly audit   tailwindcss: [ '3.2.7' ],
536 silly audit   alpinejs: [ '3.11.1' ],
536 silly audit   autoprefixer: [ '10.4.13' ],
536 silly audit   postcss: [ '8.4.21' ],
536 silly audit   axios: [ '1.3.4' ],
536 silly audit   'laravel-vite-plugin': [ '0.7.4' ],
536 silly audit   vite: [ '4.1.4' ],
536 silly audit   lodash: [ '4.17.21' ],
536 silly audit   'mini-svg-data-uri': [ '1.4.4' ],
536 silly audit   '@vue/reactivity': [ '3.1.5' ],
536 silly audit   '@vue/shared': [ '3.1.5' ],
536 silly audit   browserslist: [ '4.21.5' ],
536 silly audit   'caniuse-lite': [ '1.0.30001458' ],
536 silly audit   'fraction.js': [ '4.2.0' ],
536 silly audit   'normalize-range': [ '0.1.2' ],
536 silly audit   picocolors: [ '1.0.0' ],
536 silly audit   'postcss-value-parser': [ '4.2.0' ],
536 silly audit   'follow-redirects': [ '1.15.2' ],
536 silly audit   'form-data': [ '4.0.0' ],
536 silly audit   'proxy-from-env': [ '1.1.0' ],
536 silly audit   'electron-to-chromium': [ '1.4.317' ],
536 silly audit   'node-releases': [ '2.0.10' ],
536 silly audit   'update-browserslist-db': [ '1.0.10' ],
536 silly audit   asynckit: [ '0.4.0' ],
536 silly audit   'combined-stream': [ '1.0.8' ],
536 silly audit   'mime-types': [ '2.1.35' ],
536 silly audit   'delayed-stream': [ '1.0.0' ],
536 silly audit   'vite-plugin-full-reload': [ '1.0.5' ],
536 silly audit   'mime-db': [ '1.52.0' ],
536 silly audit   nanoid: [ '3.3.4' ],
536 silly audit   'source-map-js': [ '1.0.2' ],
536 silly audit   arg: [ '5.0.2' ],
536 silly audit   chokidar: [ '3.5.3' ],
536 silly audit   'color-name': [ '1.1.4' ],
536 silly audit   detective: [ '5.2.1' ],
536 silly audit   didyoumean: [ '1.2.2' ],
536 silly audit   dlv: [ '1.1.3' ],
536 silly audit   'fast-glob': [ '3.2.12' ],
536 silly audit   'glob-parent': [ '6.0.2', '5.1.2' ],
536 silly audit   'is-glob': [ '4.0.3' ],
536 silly audit   lilconfig: [ '2.1.0' ],
536 silly audit   micromatch: [ '4.0.5' ],
536 silly audit   'normalize-path': [ '3.0.0' ],
536 silly audit   'object-hash': [ '3.0.0' ],
536 silly audit   'postcss-import': [ '14.1.0' ],
536 silly audit   'postcss-js': [ '4.0.1' ],
536 silly audit   'postcss-load-config': [ '3.1.4' ],
536 silly audit   'postcss-nested': [ '6.0.0' ],
536 silly audit   'postcss-selector-parser': [ '6.0.11' ],
536 silly audit   'quick-lru': [ '5.1.1' ],
536 silly audit   resolve: [ '1.22.1' ],
536 silly audit   anymatch: [ '3.1.3' ],
536 silly audit   braces: [ '3.0.2' ],
536 silly audit   fsevents: [ '2.3.2' ],
536 silly audit   'is-binary-path': [ '2.1.0' ],
536 silly audit   readdirp: [ '3.6.0' ],
536 silly audit   picomatch: [ '2.3.1' ],
536 silly audit   'fill-range': [ '7.0.1' ],
536 silly audit   'acorn-node': [ '1.8.2' ],
536 silly audit   defined: [ '1.0.1' ],
536 silly audit   minimist: [ '1.2.8' ],
536 silly audit   acorn: [ '7.4.1' ],
536 silly audit   'acorn-walk': [ '7.2.0' ],
536 silly audit   xtend: [ '4.0.2' ],
536 silly audit   '@nodelib/fs.stat': [ '2.0.5' ],
536 silly audit   '@nodelib/fs.walk': [ '1.2.8' ],
536 silly audit   merge2: [ '1.4.1' ],
536 silly audit   '@nodelib/fs.scandir': [ '2.1.5' ],
536 silly audit   fastq: [ '1.15.0' ],
536 silly audit   'run-parallel': [ '1.2.0' ],
536 silly audit   reusify: [ '1.0.4' ],
536 silly audit   'to-regex-range': [ '5.0.1' ],
536 silly audit   'binary-extensions': [ '2.2.0' ],
536 silly audit   'is-extglob': [ '2.1.1' ],
536 silly audit   'read-cache': [ '1.0.0' ],
536 silly audit   'camelcase-css': [ '2.0.1' ],
536 silly audit   yaml: [ '1.10.2' ],
536 silly audit   cssesc: [ '3.0.0' ],
536 silly audit   'util-deprecate': [ '1.0.2' ],
536 silly audit   pify: [ '2.3.0' ],
536 silly audit   'is-core-module': [ '2.11.0' ],
536 silly audit   'path-parse': [ '1.0.7' ],
536 silly audit   'supports-preserve-symlinks-flag': [ '1.0.0' ],
536 silly audit   has: [ '1.0.3' ],
536 silly audit   'function-bind': [ '1.1.1' ],
536 silly audit   'queue-microtask': [ '1.2.3' ],
536 silly audit   'is-number': [ '7.0.0' ],
536 silly audit   escalade: [ '3.1.1' ],
536 silly audit   esbuild: [ '0.16.17' ],
536 silly audit   rollup: [ '3.18.0' ],
536 silly audit   '@esbuild/android-arm': [ '0.16.17' ],
536 silly audit   '@esbuild/android-arm64': [ '0.16.17' ],
536 silly audit   '@esbuild/android-x64': [ '0.16.17' ],
536 silly audit   '@esbuild/darwin-arm64': [ '0.16.17' ],
536 silly audit   '@esbuild/darwin-x64': [ '0.16.17' ],
536 silly audit   '@esbuild/freebsd-arm64': [ '0.16.17' ],
536 silly audit   '@esbuild/freebsd-x64': [ '0.16.17' ],
536 silly audit   '@esbuild/linux-arm': [ '0.16.17' ],
536 silly audit   '@esbuild/linux-arm64': [ '0.16.17' ],
536 silly audit   '@esbuild/linux-ia32': [ '0.16.17' ],
536 silly audit   '@esbuild/linux-loong64': [ '0.16.17' ],
536 silly audit   '@esbuild/linux-mips64el': [ '0.16.17' ],
536 silly audit   '@esbuild/linux-ppc64': [ '0.16.17' ],
536 silly audit   '@esbuild/linux-riscv64': [ '0.16.17' ],
536 silly audit   '@esbuild/linux-s390x': [ '0.16.17' ],
536 silly audit   '@esbuild/linux-x64': [ '0.16.17' ],
536 silly audit   '@esbuild/netbsd-x64': [ '0.16.17' ],
536 silly audit   '@esbuild/openbsd-x64': [ '0.16.17' ],
536 silly audit   '@esbuild/sunos-x64': [ '0.16.17' ],
536 silly audit   '@esbuild/win32-arm64': [ '0.16.17' ],
536 silly audit   '@esbuild/win32-ia32': [ '0.16.17' ],
536 silly audit   '@esbuild/win32-x64': [ '0.16.17' ]
536 silly audit }
537 verbose reify failed optional dependency /home/ec2-user/environment/cms/node_modules/@esbuild/win32-x64
538 silly reify mark deleted [ '/home/ec2-user/environment/cms/node_modules/@esbuild/win32-x64' ]
539 verbose reify failed optional dependency /home/ec2-user/environment/cms/node_modules/@esbuild/win32-ia32
540 silly reify mark deleted [ '/home/ec2-user/environment/cms/node_modules/@esbuild/win32-ia32' ]
541 verbose reify failed optional dependency /home/ec2-user/environment/cms/node_modules/@esbuild/win32-arm64
542 silly reify mark deleted [ '/home/ec2-user/environment/cms/node_modules/@esbuild/win32-arm64' ]
543 verbose reify failed optional dependency /home/ec2-user/environment/cms/node_modules/@esbuild/sunos-x64
544 silly reify mark deleted [ '/home/ec2-user/environment/cms/node_modules/@esbuild/sunos-x64' ]
545 verbose reify failed optional dependency /home/ec2-user/environment/cms/node_modules/@esbuild/openbsd-x64
546 silly reify mark deleted [ '/home/ec2-user/environment/cms/node_modules/@esbuild/openbsd-x64' ]
547 verbose reify failed optional dependency /home/ec2-user/environment/cms/node_modules/@esbuild/netbsd-x64
548 silly reify mark deleted [ '/home/ec2-user/environment/cms/node_modules/@esbuild/netbsd-x64' ]
549 verbose reify failed optional dependency /home/ec2-user/environment/cms/node_modules/@esbuild/linux-s390x
550 silly reify mark deleted [ '/home/ec2-user/environment/cms/node_modules/@esbuild/linux-s390x' ]
551 verbose reify failed optional dependency /home/ec2-user/environment/cms/node_modules/@esbuild/linux-riscv64
552 silly reify mark deleted [
552 silly reify   '/home/ec2-user/environment/cms/node_modules/@esbuild/linux-riscv64'
552 silly reify ]
553 verbose reify failed optional dependency /home/ec2-user/environment/cms/node_modules/@esbuild/linux-ppc64
554 silly reify mark deleted [ '/home/ec2-user/environment/cms/node_modules/@esbuild/linux-ppc64' ]
555 verbose reify failed optional dependency /home/ec2-user/environment/cms/node_modules/@esbuild/linux-mips64el
556 silly reify mark deleted [
556 silly reify   '/home/ec2-user/environment/cms/node_modules/@esbuild/linux-mips64el'
556 silly reify ]
557 verbose reify failed optional dependency /home/ec2-user/environment/cms/node_modules/@esbuild/linux-loong64
558 silly reify mark deleted [
558 silly reify   '/home/ec2-user/environment/cms/node_modules/@esbuild/linux-loong64'
558 silly reify ]
559 verbose reify failed optional dependency /home/ec2-user/environment/cms/node_modules/@esbuild/linux-ia32
560 silly reify mark deleted [ '/home/ec2-user/environment/cms/node_modules/@esbuild/linux-ia32' ]
561 verbose reify failed optional dependency /home/ec2-user/environment/cms/node_modules/@esbuild/linux-arm64
562 silly reify mark deleted [ '/home/ec2-user/environment/cms/node_modules/@esbuild/linux-arm64' ]
563 verbose reify failed optional dependency /home/ec2-user/environment/cms/node_modules/@esbuild/linux-arm
564 silly reify mark deleted [ '/home/ec2-user/environment/cms/node_modules/@esbuild/linux-arm' ]
565 verbose reify failed optional dependency /home/ec2-user/environment/cms/node_modules/@esbuild/freebsd-x64
566 silly reify mark deleted [ '/home/ec2-user/environment/cms/node_modules/@esbuild/freebsd-x64' ]
567 verbose reify failed optional dependency /home/ec2-user/environment/cms/node_modules/@esbuild/freebsd-arm64
568 silly reify mark deleted [
568 silly reify   '/home/ec2-user/environment/cms/node_modules/@esbuild/freebsd-arm64'
568 silly reify ]
569 verbose reify failed optional dependency /home/ec2-user/environment/cms/node_modules/@esbuild/darwin-x64
570 silly reify mark deleted [ '/home/ec2-user/environment/cms/node_modules/@esbuild/darwin-x64' ]
571 verbose reify failed optional dependency /home/ec2-user/environment/cms/node_modules/@esbuild/darwin-arm64
572 silly reify mark deleted [ '/home/ec2-user/environment/cms/node_modules/@esbuild/darwin-arm64' ]
573 verbose reify failed optional dependency /home/ec2-user/environment/cms/node_modules/@esbuild/android-x64
574 silly reify mark deleted [ '/home/ec2-user/environment/cms/node_modules/@esbuild/android-x64' ]
575 verbose reify failed optional dependency /home/ec2-user/environment/cms/node_modules/@esbuild/android-arm64
576 silly reify mark deleted [
576 silly reify   '/home/ec2-user/environment/cms/node_modules/@esbuild/android-arm64'
576 silly reify ]
577 verbose reify failed optional dependency /home/ec2-user/environment/cms/node_modules/@esbuild/android-arm
578 silly reify mark deleted [ '/home/ec2-user/environment/cms/node_modules/@esbuild/android-arm' ]
579 verbose reify failed optional dependency /home/ec2-user/environment/cms/node_modules/fsevents
580 silly reify mark deleted [ '/home/ec2-user/environment/cms/node_modules/fsevents' ]
581 timing reifyNode:node_modules/@esbuild/win32-x64 Completed in 64ms
582 timing reifyNode:node_modules/@esbuild/win32-ia32 Completed in 64ms
583 timing reifyNode:node_modules/@esbuild/win32-arm64 Completed in 64ms
584 timing reifyNode:node_modules/@esbuild/sunos-x64 Completed in 64ms
585 timing reifyNode:node_modules/@esbuild/openbsd-x64 Completed in 64ms
586 timing reifyNode:node_modules/@esbuild/netbsd-x64 Completed in 63ms
587 timing reifyNode:node_modules/@esbuild/linux-s390x Completed in 64ms
588 timing reifyNode:node_modules/@esbuild/linux-riscv64 Completed in 64ms
589 timing reifyNode:node_modules/@esbuild/linux-ppc64 Completed in 64ms
590 timing reifyNode:node_modules/@esbuild/linux-mips64el Completed in 64ms
591 timing reifyNode:node_modules/@esbuild/linux-loong64 Completed in 63ms
592 timing reifyNode:node_modules/@esbuild/linux-ia32 Completed in 63ms
593 timing reifyNode:node_modules/@esbuild/linux-arm64 Completed in 63ms
594 timing reifyNode:node_modules/@esbuild/linux-arm Completed in 63ms
595 timing reifyNode:node_modules/@esbuild/freebsd-x64 Completed in 63ms
596 timing reifyNode:node_modules/@esbuild/freebsd-arm64 Completed in 63ms
597 timing reifyNode:node_modules/@esbuild/darwin-x64 Completed in 64ms
598 timing reifyNode:node_modules/@esbuild/darwin-arm64 Completed in 64ms
599 timing reifyNode:node_modules/@esbuild/android-x64 Completed in 64ms
600 timing reifyNode:node_modules/@esbuild/android-arm64 Completed in 64ms
601 timing reifyNode:node_modules/@esbuild/android-arm Completed in 64ms
602 timing reifyNode:node_modules/fsevents Completed in 61ms
603 silly tarball no local data for @esbuild/linux-x64@https://registry.npmjs.org/@esbuild/linux-x64/-/linux-x64-0.16.17.tgz. Extracting by manifest.
604 silly tarball no local data for rollup@https://registry.npmjs.org/rollup/-/rollup-3.18.0.tgz. Extracting by manifest.
605 silly tarball no local data for esbuild@https://registry.npmjs.org/esbuild/-/esbuild-0.16.17.tgz. Extracting by manifest.
606 silly tarball no local data for escalade@https://registry.npmjs.org/escalade/-/escalade-3.1.1.tgz. Extracting by manifest.
607 silly tarball no local data for is-number@https://registry.npmjs.org/is-number/-/is-number-7.0.0.tgz. Extracting by manifest.
608 silly tarball no local data for queue-microtask@https://registry.npmjs.org/queue-microtask/-/queue-microtask-1.2.3.tgz. Extracting by manifest.
609 silly tarball no local data for pify@https://registry.npmjs.org/pify/-/pify-2.3.0.tgz. Extracting by manifest.
610 silly tarball no local data for util-deprecate@https://registry.npmjs.org/util-deprecate/-/util-deprecate-1.0.2.tgz. Extracting by manifest.
611 silly tarball no local data for cssesc@https://registry.npmjs.org/cssesc/-/cssesc-3.0.0.tgz. Extracting by manifest.
612 silly tarball no local data for yaml@https://registry.npmjs.org/yaml/-/yaml-1.10.2.tgz. Extracting by manifest.
613 silly tarball no local data for camelcase-css@https://registry.npmjs.org/camelcase-css/-/camelcase-css-2.0.1.tgz. Extracting by manifest.
614 silly tarball no local data for read-cache@https://registry.npmjs.org/read-cache/-/read-cache-1.0.0.tgz. Extracting by manifest.
615 silly tarball no local data for is-extglob@https://registry.npmjs.org/is-extglob/-/is-extglob-2.1.1.tgz. Extracting by manifest.
616 silly tarball no local data for binary-extensions@https://registry.npmjs.org/binary-extensions/-/binary-extensions-2.2.0.tgz. Extracting by manifest.
617 silly tarball no local data for to-regex-range@https://registry.npmjs.org/to-regex-range/-/to-regex-range-5.0.1.tgz. Extracting by manifest.
618 silly tarball no local data for reusify@https://registry.npmjs.org/reusify/-/reusify-1.0.4.tgz. Extracting by manifest.
619 silly tarball no local data for run-parallel@https://registry.npmjs.org/run-parallel/-/run-parallel-1.2.0.tgz. Extracting by manifest.
620 silly tarball no local data for fastq@https://registry.npmjs.org/fastq/-/fastq-1.15.0.tgz. Extracting by manifest.
621 silly tarball no local data for @nodelib/fs.scandir@https://registry.npmjs.org/@nodelib/fs.scandir/-/fs.scandir-2.1.5.tgz. Extracting by manifest.
622 silly tarball no local data for merge2@https://registry.npmjs.org/merge2/-/merge2-1.4.1.tgz. Extracting by manifest.
623 silly tarball no local data for @nodelib/fs.walk@https://registry.npmjs.org/@nodelib/fs.walk/-/fs.walk-1.2.8.tgz. Extracting by manifest.
624 silly tarball no local data for @nodelib/fs.stat@https://registry.npmjs.org/@nodelib/fs.stat/-/fs.stat-2.0.5.tgz. Extracting by manifest.
625 silly tarball no local data for xtend@https://registry.npmjs.org/xtend/-/xtend-4.0.2.tgz. Extracting by manifest.
626 silly tarball no local data for acorn-walk@https://registry.npmjs.org/acorn-walk/-/acorn-walk-7.2.0.tgz. Extracting by manifest.
627 silly tarball no local data for acorn@https://registry.npmjs.org/acorn/-/acorn-7.4.1.tgz. Extracting by manifest.
628 silly tarball no local data for defined@https://registry.npmjs.org/defined/-/defined-1.0.1.tgz. Extracting by manifest.
629 silly tarball no local data for acorn-node@https://registry.npmjs.org/acorn-node/-/acorn-node-1.8.2.tgz. Extracting by manifest.
630 silly tarball no local data for fill-range@https://registry.npmjs.org/fill-range/-/fill-range-7.0.1.tgz. Extracting by manifest.
631 silly tarball no local data for picomatch@https://registry.npmjs.org/picomatch/-/picomatch-2.3.1.tgz. Extracting by manifest.
632 silly tarball no local data for readdirp@https://registry.npmjs.org/readdirp/-/readdirp-3.6.0.tgz. Extracting by manifest.
633 silly tarball no local data for is-binary-path@https://registry.npmjs.org/is-binary-path/-/is-binary-path-2.1.0.tgz. Extracting by manifest.
634 silly tarball no local data for braces@https://registry.npmjs.org/braces/-/braces-3.0.2.tgz. Extracting by manifest.
635 silly tarball no local data for anymatch@https://registry.npmjs.org/anymatch/-/anymatch-3.1.3.tgz. Extracting by manifest.
636 silly tarball no local data for quick-lru@https://registry.npmjs.org/quick-lru/-/quick-lru-5.1.1.tgz. Extracting by manifest.
637 silly tarball no local data for postcss-selector-parser@https://registry.npmjs.org/postcss-selector-parser/-/postcss-selector-parser-6.0.11.tgz. Extracting by manifest.
638 silly tarball no local data for postcss-nested@https://registry.npmjs.org/postcss-nested/-/postcss-nested-6.0.0.tgz. Extracting by manifest.
639 silly tarball no local data for postcss-load-config@https://registry.npmjs.org/postcss-load-config/-/postcss-load-config-3.1.4.tgz. Extracting by manifest.
640 silly tarball no local data for postcss-js@https://registry.npmjs.org/postcss-js/-/postcss-js-4.0.1.tgz. Extracting by manifest.
641 silly tarball no local data for postcss-import@https://registry.npmjs.org/postcss-import/-/postcss-import-14.1.0.tgz. Extracting by manifest.
642 silly tarball no local data for object-hash@https://registry.npmjs.org/object-hash/-/object-hash-3.0.0.tgz. Extracting by manifest.
643 silly tarball no local data for normalize-path@https://registry.npmjs.org/normalize-path/-/normalize-path-3.0.0.tgz. Extracting by manifest.
644 silly tarball no local data for micromatch@https://registry.npmjs.org/micromatch/-/micromatch-4.0.5.tgz. Extracting by manifest.
645 silly tarball no local data for lilconfig@https://registry.npmjs.org/lilconfig/-/lilconfig-2.1.0.tgz. Extracting by manifest.
646 silly tarball no local data for is-glob@https://registry.npmjs.org/is-glob/-/is-glob-4.0.3.tgz. Extracting by manifest.
647 silly tarball no local data for glob-parent@https://registry.npmjs.org/glob-parent/-/glob-parent-6.0.2.tgz. Extracting by manifest.
648 silly tarball no local data for fast-glob@https://registry.npmjs.org/fast-glob/-/fast-glob-3.2.12.tgz. Extracting by manifest.
649 silly tarball no local data for dlv@https://registry.npmjs.org/dlv/-/dlv-1.1.3.tgz. Extracting by manifest.
650 silly tarball no local data for didyoumean@https://registry.npmjs.org/didyoumean/-/didyoumean-1.2.2.tgz. Extracting by manifest.
651 silly tarball no local data for detective@https://registry.npmjs.org/detective/-/detective-5.2.1.tgz. Extracting by manifest.
652 silly tarball no local data for chokidar@https://registry.npmjs.org/chokidar/-/chokidar-3.5.3.tgz. Extracting by manifest.
653 silly tarball no local data for source-map-js@https://registry.npmjs.org/source-map-js/-/source-map-js-1.0.2.tgz. Extracting by manifest.
654 silly tarball no local data for nanoid@https://registry.npmjs.org/nanoid/-/nanoid-3.3.4.tgz. Extracting by manifest.
655 silly tarball no local data for mime-db@https://registry.npmjs.org/mime-db/-/mime-db-1.52.0.tgz. Extracting by manifest.
656 silly tarball no local data for vite-plugin-full-reload@https://registry.npmjs.org/vite-plugin-full-reload/-/vite-plugin-full-reload-1.0.5.tgz. Extracting by manifest.
657 silly tarball no local data for arg@https://registry.npmjs.org/arg/-/arg-5.0.2.tgz. Extracting by manifest.
658 silly tarball no local data for delayed-stream@https://registry.npmjs.org/delayed-stream/-/delayed-stream-1.0.0.tgz. Extracting by manifest.
659 silly tarball no local data for mime-types@https://registry.npmjs.org/mime-types/-/mime-types-2.1.35.tgz. Extracting by manifest.
660 silly tarball no local data for combined-stream@https://registry.npmjs.org/combined-stream/-/combined-stream-1.0.8.tgz. Extracting by manifest.
661 silly tarball no local data for asynckit@https://registry.npmjs.org/asynckit/-/asynckit-0.4.0.tgz. Extracting by manifest.
662 silly tarball no local data for update-browserslist-db@https://registry.npmjs.org/update-browserslist-db/-/update-browserslist-db-1.0.10.tgz. Extracting by manifest.
663 silly tarball no local data for node-releases@https://registry.npmjs.org/node-releases/-/node-releases-2.0.10.tgz. Extracting by manifest.
664 silly tarball no local data for electron-to-chromium@https://registry.npmjs.org/electron-to-chromium/-/electron-to-chromium-1.4.317.tgz. Extracting by manifest.
665 silly tarball no local data for proxy-from-env@https://registry.npmjs.org/proxy-from-env/-/proxy-from-env-1.1.0.tgz. Extracting by manifest.
666 silly tarball no local data for form-data@https://registry.npmjs.org/form-data/-/form-data-4.0.0.tgz. Extracting by manifest.
667 silly tarball no local data for follow-redirects@https://registry.npmjs.org/follow-redirects/-/follow-redirects-1.15.2.tgz. Extracting by manifest.
668 silly tarball no local data for postcss-value-parser@https://registry.npmjs.org/postcss-value-parser/-/postcss-value-parser-4.2.0.tgz. Extracting by manifest.
669 silly tarball no local data for picocolors@https://registry.npmjs.org/picocolors/-/picocolors-1.0.0.tgz. Extracting by manifest.
670 silly tarball no local data for normalize-range@https://registry.npmjs.org/normalize-range/-/normalize-range-0.1.2.tgz. Extracting by manifest.
671 silly tarball no local data for fraction.js@https://registry.npmjs.org/fraction.js/-/fraction.js-4.2.0.tgz. Extracting by manifest.
672 silly tarball no local data for caniuse-lite@https://registry.npmjs.org/caniuse-lite/-/caniuse-lite-1.0.30001458.tgz. Extracting by manifest.
673 silly tarball no local data for browserslist@https://registry.npmjs.org/browserslist/-/browserslist-4.21.5.tgz. Extracting by manifest.
674 silly tarball no local data for @vue/shared@https://registry.npmjs.org/@vue/shared/-/shared-3.1.5.tgz. Extracting by manifest.
675 silly tarball no local data for @vue/reactivity@https://registry.npmjs.org/@vue/reactivity/-/reactivity-3.1.5.tgz. Extracting by manifest.
676 silly tarball no local data for mini-svg-data-uri@https://registry.npmjs.org/mini-svg-data-uri/-/mini-svg-data-uri-1.4.4.tgz. Extracting by manifest.
677 silly tarball no local data for vite@https://registry.npmjs.org/vite/-/vite-4.1.4.tgz. Extracting by manifest.
678 silly tarball no local data for laravel-vite-plugin@https://registry.npmjs.org/laravel-vite-plugin/-/laravel-vite-plugin-0.7.4.tgz. Extracting by manifest.
679 silly tarball no local data for axios@https://registry.npmjs.org/axios/-/axios-1.3.4.tgz. Extracting by manifest.
680 silly tarball no local data for postcss@https://registry.npmjs.org/postcss/-/postcss-8.4.21.tgz. Extracting by manifest.
681 silly tarball no local data for autoprefixer@https://registry.npmjs.org/autoprefixer/-/autoprefixer-10.4.13.tgz. Extracting by manifest.
682 silly tarball no local data for alpinejs@https://registry.npmjs.org/alpinejs/-/alpinejs-3.11.1.tgz. Extracting by manifest.
683 silly tarball no local data for tailwindcss@https://registry.npmjs.org/tailwindcss/-/tailwindcss-3.2.7.tgz. Extracting by manifest.
684 silly tarball no local data for @tailwindcss/forms@https://registry.npmjs.org/@tailwindcss/forms/-/forms-0.5.3.tgz. Extracting by manifest.
685 silly tarball no local data for glob-parent@https://registry.npmjs.org/glob-parent/-/glob-parent-5.1.2.tgz. Extracting by manifest.
686 silly tarball no local data for glob-parent@https://registry.npmjs.org/glob-parent/-/glob-parent-5.1.2.tgz. Extracting by manifest.
687 http fetch POST 200 https://registry.npmjs.org/-/npm/v1/security/advisories/bulk 591ms
688 timing auditReport:getReport Completed in 597ms
689 silly audit report {}
690 timing auditReport:init Completed in 0ms
691 timing reify:audit Completed in 597ms
692 timing reifyNode:node_modules/path-parse Completed in 1222ms
693 timing reifyNode:node_modules/color-name Completed in 1219ms
694 timing reifyNode:node_modules/has Completed in 1347ms
695 timing reifyNode:node_modules/supports-preserve-symlinks-flag Completed in 1452ms
696 timing reifyNode:node_modules/is-core-module Completed in 1452ms
697 http fetch GET 200 https://registry.npmjs.org/pify/-/pify-2.3.0.tgz 1332ms (cache miss)
698 timing reifyNode:node_modules/pify Completed in 1455ms
699 http fetch GET 200 https://registry.npmjs.org/camelcase-css/-/camelcase-css-2.0.1.tgz 1327ms (cache miss)
700 timing reifyNode:node_modules/camelcase-css Completed in 1455ms
701 http fetch GET 200 https://registry.npmjs.org/util-deprecate/-/util-deprecate-1.0.2.tgz 1332ms (cache miss)
702 timing reifyNode:node_modules/util-deprecate Completed in 1456ms
703 http fetch GET 200 https://registry.npmjs.org/is-extglob/-/is-extglob-2.1.1.tgz 1325ms (cache miss)
704 timing reifyNode:node_modules/is-extglob Completed in 1455ms
705 http fetch GET 200 https://registry.npmjs.org/binary-extensions/-/binary-extensions-2.2.0.tgz 1325ms (cache miss)
706 timing reifyNode:node_modules/binary-extensions Completed in 1456ms
707 http fetch GET 200 https://registry.npmjs.org/escalade/-/escalade-3.1.1.tgz 1366ms (cache miss)
708 timing reifyNode:node_modules/escalade Completed in 1476ms
709 http fetch GET 200 https://registry.npmjs.org/run-parallel/-/run-parallel-1.2.0.tgz 1334ms (cache miss)
710 timing reifyNode:node_modules/run-parallel Completed in 1477ms
711 http fetch GET 200 https://registry.npmjs.org/reusify/-/reusify-1.0.4.tgz 1357ms (cache miss)
712 timing reifyNode:node_modules/reusify Completed in 1498ms
713 http fetch GET 200 https://registry.npmjs.org/fill-range/-/fill-range-7.0.1.tgz 1328ms (cache miss)
714 timing reifyNode:node_modules/fill-range Completed in 1497ms
715 http fetch GET 200 https://registry.npmjs.org/readdirp/-/readdirp-3.6.0.tgz 1326ms (cache miss)
716 timing reifyNode:node_modules/readdirp Completed in 1498ms
717 http fetch GET 200 https://registry.npmjs.org/@nodelib/fs.scandir/-/fs.scandir-2.1.5.tgz 1356ms (cache miss)
718 http fetch GET 200 https://registry.npmjs.org/defined/-/defined-1.0.1.tgz 1333ms (cache miss)
719 http fetch GET 200 https://registry.npmjs.org/acorn-walk/-/acorn-walk-7.2.0.tgz 1338ms (cache miss)
720 http fetch GET 200 https://registry.npmjs.org/@nodelib/fs.stat/-/fs.stat-2.0.5.tgz 1352ms (cache miss)
721 http fetch GET 200 https://registry.npmjs.org/@nodelib/fs.walk/-/fs.walk-1.2.8.tgz 1355ms (cache miss)
722 timing reifyNode:node_modules/function-bind Completed in 1513ms
723 http fetch GET 200 https://registry.npmjs.org/queue-microtask/-/queue-microtask-1.2.3.tgz 1395ms (cache miss)
724 timing reifyNode:node_modules/queue-microtask Completed in 1514ms
725 http fetch GET 200 https://registry.npmjs.org/is-number/-/is-number-7.0.0.tgz 1397ms (cache miss)
726 timing reifyNode:node_modules/is-number Completed in 1515ms
727 http fetch GET 200 https://registry.npmjs.org/read-cache/-/read-cache-1.0.0.tgz 1387ms (cache miss)
728 timing reifyNode:node_modules/read-cache Completed in 1515ms
729 http fetch GET 200 https://registry.npmjs.org/cssesc/-/cssesc-3.0.0.tgz 1391ms (cache miss)
730 timing reifyNode:node_modules/cssesc Completed in 1516ms
731 http fetch GET 200 https://registry.npmjs.org/postcss-load-config/-/postcss-load-config-3.1.4.tgz 1329ms (cache miss)
732 timing reifyNode:node_modules/postcss-load-config Completed in 1516ms
733 http fetch GET 200 https://registry.npmjs.org/postcss-import/-/postcss-import-14.1.0.tgz 1326ms (cache miss)
734 timing reifyNode:node_modules/postcss-import Completed in 1517ms
735 http fetch GET 200 https://registry.npmjs.org/anymatch/-/anymatch-3.1.3.tgz 1336ms (cache miss)
736 timing reifyNode:node_modules/anymatch Completed in 1521ms
737 http fetch GET 200 https://registry.npmjs.org/braces/-/braces-3.0.2.tgz 1347ms (cache miss)
738 http fetch GET 200 https://registry.npmjs.org/fastq/-/fastq-1.15.0.tgz 1391ms (cache miss)
739 http fetch GET 200 https://registry.npmjs.org/merge2/-/merge2-1.4.1.tgz 1388ms (cache miss)
740 timing reifyNode:node_modules/merge2 Completed in 1535ms
741 http fetch GET 200 https://registry.npmjs.org/to-regex-range/-/to-regex-range-5.0.1.tgz 1396ms (cache miss)
742 timing reifyNode:node_modules/to-regex-range Completed in 1535ms
743 http fetch GET 200 https://registry.npmjs.org/postcss-js/-/postcss-js-4.0.1.tgz 1347ms (cache miss)
744 timing reifyNode:node_modules/postcss-js Completed in 1535ms
745 http fetch GET 200 https://registry.npmjs.org/normalize-path/-/normalize-path-3.0.0.tgz 1336ms (cache miss)
746 timing reifyNode:node_modules/normalize-path Completed in 1536ms
747 http fetch GET 200 https://registry.npmjs.org/lilconfig/-/lilconfig-2.1.0.tgz 1332ms (cache miss)
748 timing reifyNode:node_modules/lilconfig Completed in 1536ms
749 http fetch GET 200 https://registry.npmjs.org/is-glob/-/is-glob-4.0.3.tgz 1332ms (cache miss)
750 timing reifyNode:node_modules/is-glob Completed in 1537ms
751 http fetch GET 200 https://registry.npmjs.org/glob-parent/-/glob-parent-6.0.2.tgz 1331ms (cache miss)
752 timing reifyNode:node_modules/glob-parent Completed in 1537ms
753 http fetch GET 200 https://registry.npmjs.org/xtend/-/xtend-4.0.2.tgz 1392ms (cache miss)
754 timing reifyNode:node_modules/xtend Completed in 1548ms
755 timing reifyNode:node_modules/defined Completed in 1547ms
756 http fetch GET 200 https://registry.npmjs.org/object-hash/-/object-hash-3.0.0.tgz 1356ms (cache miss)
757 timing reifyNode:node_modules/object-hash Completed in 1548ms
758 http fetch GET 200 https://registry.npmjs.org/vite-plugin-full-reload/-/vite-plugin-full-reload-1.0.5.tgz 1317ms (cache miss)
759 timing reifyNode:node_modules/vite-plugin-full-reload Completed in 1547ms
760 http fetch GET 200 https://registry.npmjs.org/arg/-/arg-5.0.2.tgz 1317ms (cache miss)
761 timing reifyNode:node_modules/arg Completed in 1548ms
762 http fetch GET 200 https://registry.npmjs.org/delayed-stream/-/delayed-stream-1.0.0.tgz 1316ms (cache miss)
763 timing reifyNode:node_modules/delayed-stream Completed in 1548ms
764 http fetch GET 200 https://registry.npmjs.org/update-browserslist-db/-/update-browserslist-db-1.0.10.tgz 1303ms (cache miss)
765 timing reifyNode:node_modules/update-browserslist-db Completed in 1548ms
766 http fetch GET 200 https://registry.npmjs.org/picomatch/-/picomatch-2.3.1.tgz 1387ms (cache miss)
767 http fetch GET 200 https://registry.npmjs.org/quick-lru/-/quick-lru-5.1.1.tgz 1376ms (cache miss)
768 timing reifyNode:node_modules/quick-lru Completed in 1560ms
769 http fetch GET 200 https://registry.npmjs.org/postcss-nested/-/postcss-nested-6.0.0.tgz 1373ms (cache miss)
770 timing reifyNode:node_modules/postcss-nested Completed in 1559ms
771 http fetch GET 200 https://registry.npmjs.org/is-binary-path/-/is-binary-path-2.1.0.tgz 1387ms (cache miss)
772 timing reifyNode:node_modules/is-binary-path Completed in 1561ms
773 http fetch GET 200 https://registry.npmjs.org/proxy-from-env/-/proxy-from-env-1.1.0.tgz 1312ms (cache miss)
774 timing reifyNode:node_modules/proxy-from-env Completed in 1561ms
775 http fetch GET 200 https://registry.npmjs.org/form-data/-/form-data-4.0.0.tgz 1310ms (cache miss)
776 timing reifyNode:node_modules/form-data Completed in 1561ms
777 http fetch GET 200 https://registry.npmjs.org/follow-redirects/-/follow-redirects-1.15.2.tgz 1310ms (cache miss)
778 timing reifyNode:node_modules/follow-redirects Completed in 1559ms
779 http fetch GET 200 https://registry.npmjs.org/postcss-value-parser/-/postcss-value-parser-4.2.0.tgz 1308ms (cache miss)
780 http fetch GET 200 https://registry.npmjs.org/asynckit/-/asynckit-0.4.0.tgz 1320ms (cache miss)
781 timing reifyNode:node_modules/braces Completed in 1583ms
782 http fetch GET 200 https://registry.npmjs.org/micromatch/-/micromatch-4.0.5.tgz 1380ms (cache miss)
783 timing reifyNode:node_modules/micromatch Completed in 1583ms
784 timing reifyNode:node_modules/postcss-value-parser Completed in 1580ms
785 http fetch GET 200 https://registry.npmjs.org/fraction.js/-/fraction.js-4.2.0.tgz 1317ms (cache miss)
786 timing reifyNode:node_modules/fraction.js Completed in 1579ms
787 http fetch GET 200 https://registry.npmjs.org/mime-types/-/mime-types-2.1.35.tgz 1350ms (cache miss)
788 timing reifyNode:node_modules/mime-types Completed in 1584ms
789 http fetch GET 200 https://registry.npmjs.org/mini-svg-data-uri/-/mini-svg-data-uri-1.4.4.tgz 1311ms (cache miss)
790 timing reifyNode:node_modules/mini-svg-data-uri Completed in 1580ms
791 http fetch GET 200 https://registry.npmjs.org/laravel-vite-plugin/-/laravel-vite-plugin-0.7.4.tgz 1309ms (cache miss)
792 http fetch GET 200 https://registry.npmjs.org/browserslist/-/browserslist-4.21.5.tgz 1317ms (cache miss)
793 timing reifyNode:node_modules/picomatch Completed in 1594ms
794 http fetch GET 200 https://registry.npmjs.org/combined-stream/-/combined-stream-1.0.8.tgz 1359ms (cache miss)
795 timing reifyNode:node_modules/combined-stream Completed in 1593ms
796 http fetch GET 200 https://registry.npmjs.org/didyoumean/-/didyoumean-1.2.2.tgz 1385ms (cache miss)
797 timing reifyNode:node_modules/didyoumean Completed in 1595ms
798 http fetch GET 200 https://registry.npmjs.org/dlv/-/dlv-1.1.3.tgz 1387ms (cache miss)
799 timing reifyNode:node_modules/dlv Completed in 1595ms
800 http fetch GET 200 https://registry.npmjs.org/detective/-/detective-5.2.1.tgz 1385ms (cache miss)
801 http fetch GET 200 https://registry.npmjs.org/nanoid/-/nanoid-3.3.4.tgz 1374ms (cache miss)
802 http fetch GET 200 https://registry.npmjs.org/glob-parent/-/glob-parent-5.1.2.tgz 1272ms (cache miss)
803 timing reifyNode:node_modules/fast-glob/node_modules/glob-parent Completed in 1601ms
804 http fetch GET 200 https://registry.npmjs.org/picocolors/-/picocolors-1.0.0.tgz 1350ms (cache miss)
805 timing reifyNode:node_modules/picocolors Completed in 1602ms
806 http fetch GET 200 https://registry.npmjs.org/normalize-range/-/normalize-range-0.1.2.tgz 1341ms (cache miss)
807 timing reifyNode:node_modules/normalize-range Completed in 1602ms
808 http fetch GET 200 https://registry.npmjs.org/node-releases/-/node-releases-2.0.10.tgz 1359ms (cache miss)
809 timing reifyNode:node_modules/node-releases Completed in 1606ms
810 timing reifyNode:node_modules/fastq Completed in 1624ms
811 timing reifyNode:node_modules/acorn-walk Completed in 1627ms
812 timing reifyNode:node_modules/browserslist Completed in 1624ms
813 http fetch GET 200 https://registry.npmjs.org/glob-parent/-/glob-parent-5.1.2.tgz 1287ms (cache miss)
814 timing reifyNode:node_modules/chokidar/node_modules/glob-parent Completed in 1630ms
815 timing reifyNode:node_modules/laravel-vite-plugin Completed in 1630ms
816 http fetch GET 200 https://registry.npmjs.org/mime-db/-/mime-db-1.52.0.tgz 1411ms (cache miss)
817 timing reifyNode:node_modules/mime-db Completed in 1653ms
818 http fetch GET 200 https://registry.npmjs.org/esbuild/-/esbuild-0.16.17.tgz 1551ms (cache miss)
819 timing reifyNode:node_modules/esbuild Completed in 1662ms
820 timing reifyNode:node_modules/@nodelib/fs.stat Completed in 1660ms
821 timing reifyNode:node_modules/asynckit Completed in 1658ms
822 http fetch GET 200 https://registry.npmjs.org/electron-to-chromium/-/electron-to-chromium-1.4.317.tgz 1425ms (cache miss)
823 http fetch GET 200 https://registry.npmjs.org/@vue/shared/-/shared-3.1.5.tgz 1404ms (cache miss)
824 http fetch GET 200 https://registry.npmjs.org/chokidar/-/chokidar-3.5.3.tgz 1458ms (cache miss)
825 timing reifyNode:node_modules/chokidar Completed in 1678ms
826 http fetch GET 200 https://registry.npmjs.org/source-map-js/-/source-map-js-1.0.2.tgz 1458ms (cache miss)
827 http fetch GET 200 https://registry.npmjs.org/@vue/reactivity/-/reactivity-3.1.5.tgz 1408ms (cache miss)
828 http fetch GET 200 https://registry.npmjs.org/@tailwindcss/forms/-/forms-0.5.3.tgz 1387ms (cache miss)
829 timing reifyNode:node_modules/@vue/shared Completed in 1679ms
830 timing reifyNode:node_modules/minimist Completed in 1686ms
831 timing reifyNode:node_modules/electron-to-chromium Completed in 1685ms
832 timing reifyNode:node_modules/@vue/reactivity Completed in 1682ms
833 timing reifyNode:node_modules/@nodelib/fs.scandir Completed in 1691ms
834 timing reifyNode:node_modules/source-map-js Completed in 1690ms
835 timing reifyNode:node_modules/@tailwindcss/forms Completed in 1687ms
836 timing reifyNode:node_modules/nanoid Completed in 1703ms
837 timing reifyNode:node_modules/@nodelib/fs.walk Completed in 1712ms
838 http fetch GET 200 https://registry.npmjs.org/acorn-node/-/acorn-node-1.8.2.tgz 1577ms (cache miss)
839 timing reifyNode:node_modules/acorn-node Completed in 1766ms
840 timing reifyNode:node_modules/detective Completed in 1790ms
841 http fetch GET 200 https://registry.npmjs.org/postcss-selector-parser/-/postcss-selector-parser-6.0.11.tgz 1643ms (cache miss)
842 timing reifyNode:node_modules/postcss-selector-parser Completed in 1832ms
843 http fetch GET 200 https://registry.npmjs.org/postcss/-/postcss-8.4.21.tgz 1605ms (cache miss)
844 timing reifyNode:node_modules/postcss Completed in 1895ms
845 http fetch GET 200 https://registry.npmjs.org/fast-glob/-/fast-glob-3.2.12.tgz 1697ms (cache miss)
846 timing reifyNode:node_modules/fast-glob Completed in 1919ms
847 http fetch GET 200 https://registry.npmjs.org/acorn/-/acorn-7.4.1.tgz 1784ms (cache miss)
848 http fetch GET 200 https://registry.npmjs.org/yaml/-/yaml-1.10.2.tgz 1827ms (cache miss)
849 timing reifyNode:node_modules/acorn Completed in 1976ms
850 timing reifyNode:node_modules/yaml Completed in 1981ms
851 http fetch GET 200 https://registry.npmjs.org/alpinejs/-/alpinejs-3.11.1.tgz 1712ms (cache miss)
852 timing reifyNode:node_modules/alpinejs Completed in 2001ms
853 http fetch GET 200 https://registry.npmjs.org/autoprefixer/-/autoprefixer-10.4.13.tgz 1719ms (cache miss)
854 timing reifyNode:node_modules/autoprefixer Completed in 2008ms
855 http fetch GET 200 https://registry.npmjs.org/rollup/-/rollup-3.18.0.tgz 2161ms (cache miss)
856 timing reifyNode:node_modules/rollup Completed in 2269ms
857 timing reifyNode:node_modules/resolve Completed in 2282ms
858 http fetch GET 200 https://registry.npmjs.org/axios/-/axios-1.3.4.tgz 2027ms (cache miss)
859 timing reifyNode:node_modules/axios Completed in 2309ms
860 http fetch GET 200 https://registry.npmjs.org/vite/-/vite-4.1.4.tgz 2066ms (cache miss)
861 timing reifyNode:node_modules/vite Completed in 2338ms
862 http fetch GET 200 https://registry.npmjs.org/tailwindcss/-/tailwindcss-3.2.7.tgz 2486ms (cache miss)
863 timing reifyNode:node_modules/tailwindcss Completed in 2773ms
864 http fetch GET 200 https://registry.npmjs.org/@esbuild/linux-x64/-/linux-x64-0.16.17.tgz 2682ms (cache miss)
865 timing reifyNode:node_modules/@esbuild/linux-x64 Completed in 2790ms
866 http fetch GET 200 https://registry.npmjs.org/caniuse-lite/-/caniuse-lite-1.0.30001458.tgz 2690ms (cache miss)
867 timing reifyNode:node_modules/caniuse-lite Completed in 2954ms
868 timing reifyNode:node_modules/lodash Completed in 2986ms
869 timing reify:unpack Completed in 2999ms
870 timing reify:unretire Completed in 1ms
871 timing build:queue Completed in 11ms
872 timing build:link:node_modules/acorn Completed in 8ms
873 timing build:link:node_modules/autoprefixer Completed in 7ms
874 timing build:link:node_modules/browserslist Completed in 7ms
875 timing build:link:node_modules/cssesc Completed in 7ms
876 timing build:link:node_modules/detective Completed in 7ms
877 timing build:link:node_modules/esbuild Completed in 7ms
878 timing build:link:node_modules/mini-svg-data-uri Completed in 7ms
879 timing build:link:node_modules/nanoid Completed in 7ms
880 timing build:link:node_modules/resolve Completed in 7ms
881 timing build:link:node_modules/rollup Completed in 7ms
882 timing build:link:node_modules/tailwindcss Completed in 7ms
883 timing build:link:node_modules/update-browserslist-db Completed in 7ms
884 timing build:link:node_modules/vite Completed in 7ms
885 timing build:link Completed in 9ms
886 info run esbuild@0.16.17 postinstall node_modules/esbuild node install.js
887 info run esbuild@0.16.17 postinstall { code: 0, signal: null }
888 timing build:run:postinstall:node_modules/esbuild Completed in 82ms
889 timing build:run:postinstall Completed in 82ms
890 timing build:deps Completed in 103ms
891 timing build Completed in 104ms
892 timing reify:build Completed in 104ms
893 timing reify:trash Completed in 5ms
894 timing reify:save Completed in 50ms
895 timing reify Completed in 8015ms
896 silly ADD
897 silly ADD
898 silly ADD
899 silly ADD
900 silly ADD
901 silly ADD
902 silly ADD node_modules/@esbuild/linux-x64
903 silly ADD
904 silly ADD
905 silly ADD
906 silly ADD
907 silly ADD
908 silly ADD
909 silly ADD
910 silly ADD
911 silly ADD
912 silly ADD
913 silly ADD
914 silly ADD
915 silly ADD
916 silly ADD
917 silly ADD
918 silly ADD node_modules/rollup
919 silly ADD node_modules/esbuild
920 silly ADD node_modules/escalade
921 silly ADD node_modules/is-number
922 silly ADD node_modules/queue-microtask
923 silly ADD node_modules/function-bind
924 silly ADD node_modules/has
925 silly ADD node_modules/supports-preserve-symlinks-flag
926 silly ADD node_modules/path-parse
927 silly ADD node_modules/is-core-module
928 silly ADD node_modules/pify
929 silly ADD node_modules/util-deprecate
930 silly ADD node_modules/cssesc
931 silly ADD node_modules/yaml
932 silly ADD node_modules/camelcase-css
933 silly ADD node_modules/read-cache
934 silly ADD node_modules/is-extglob
935 silly ADD node_modules/binary-extensions
936 silly ADD node_modules/to-regex-range
937 silly ADD node_modules/reusify
938 silly ADD node_modules/run-parallel
939 silly ADD node_modules/fastq
940 silly ADD node_modules/@nodelib/fs.scandir
941 silly ADD node_modules/merge2
942 silly ADD node_modules/@nodelib/fs.walk
943 silly ADD node_modules/@nodelib/fs.stat
944 silly ADD node_modules/xtend
945 silly ADD node_modules/acorn-walk
946 silly ADD node_modules/acorn
947 silly ADD node_modules/minimist
948 silly ADD node_modules/defined
949 silly ADD node_modules/acorn-node
950 silly ADD node_modules/fill-range
951 silly ADD node_modules/picomatch
952 silly ADD node_modules/readdirp
953 silly ADD node_modules/is-binary-path
954 silly ADD
955 silly ADD node_modules/braces
956 silly ADD node_modules/anymatch
957 silly ADD node_modules/resolve
958 silly ADD node_modules/quick-lru
959 silly ADD node_modules/postcss-selector-parser
960 silly ADD node_modules/postcss-nested
961 silly ADD node_modules/postcss-load-config
962 silly ADD node_modules/postcss-js
963 silly ADD node_modules/postcss-import
964 silly ADD node_modules/object-hash
965 silly ADD node_modules/normalize-path
966 silly ADD node_modules/micromatch
967 silly ADD node_modules/lilconfig
968 silly ADD node_modules/is-glob
969 silly ADD node_modules/glob-parent
970 silly ADD node_modules/fast-glob
971 silly ADD node_modules/fast-glob/node_modules/glob-parent
972 silly ADD node_modules/dlv
973 silly ADD node_modules/didyoumean
974 silly ADD node_modules/detective
975 silly ADD node_modules/color-name
976 silly ADD node_modules/chokidar
977 silly ADD node_modules/chokidar/node_modules/glob-parent
978 silly ADD node_modules/arg
979 silly ADD node_modules/source-map-js
980 silly ADD node_modules/nanoid
981 silly ADD node_modules/mime-db
982 silly ADD node_modules/vite-plugin-full-reload
983 silly ADD node_modules/delayed-stream
984 silly ADD node_modules/mime-types
985 silly ADD node_modules/combined-stream
986 silly ADD node_modules/asynckit
987 silly ADD node_modules/update-browserslist-db
988 silly ADD node_modules/node-releases
989 silly ADD node_modules/electron-to-chromium
990 silly ADD node_modules/proxy-from-env
991 silly ADD node_modules/form-data
992 silly ADD node_modules/follow-redirects
993 silly ADD node_modules/postcss-value-parser
994 silly ADD node_modules/picocolors
995 silly ADD node_modules/normalize-range
996 silly ADD node_modules/fraction.js
997 silly ADD node_modules/caniuse-lite
998 silly ADD node_modules/browserslist
999 silly ADD node_modules/@vue/shared
1000 silly ADD node_modules/@vue/reactivity
1001 silly ADD node_modules/mini-svg-data-uri
1002 silly ADD node_modules/lodash
1003 silly ADD node_modules/vite
1004 silly ADD node_modules/laravel-vite-plugin
1005 silly ADD node_modules/axios
1006 silly ADD node_modules/postcss
1007 silly ADD node_modules/autoprefixer
1008 silly ADD node_modules/alpinejs
1009 silly ADD node_modules/tailwindcss
1010 silly ADD node_modules/@tailwindcss/forms
1011 timing command:install Completed in 8032ms
1012 verbose exit 0
1013 timing npm Completed in 8366ms
1014 info ok
