0 verbose cli /home/ec2-user/.nvm/versions/node/v16.19.1/bin/node /home/ec2-user/.nvm/versions/node/v16.19.1/bin/npm
1 info using npm@8.19.3
2 info using node@v16.19.1
3 timing npm:load:whichnode Completed in 0ms
4 timing config:load:defaults Completed in 2ms
5 timing config:load:file:/home/ec2-user/.nvm/versions/node/v16.19.1/lib/node_modules/npm/npmrc Completed in 18ms
6 timing config:load:builtin Completed in 18ms
7 timing config:load:cli Completed in 2ms
8 timing config:load:env Completed in 0ms
9 timing config:load:file:/home/ec2-user/environment/cms/.npmrc Completed in 0ms
10 timing config:load:project Completed in 9ms
11 timing config:load:file:/home/ec2-user/.npmrc Completed in 1ms
12 timing config:load:user Completed in 1ms
13 timing config:load:file:/home/ec2-user/.nvm/versions/node/v16.19.1/etc/npmrc Completed in 0ms
14 timing config:load:global Completed in 0ms
15 timing config:load:validate Completed in 0ms
16 timing config:load:credentials Completed in 1ms
17 timing config:load:setEnvs Completed in 1ms
18 timing config:load Completed in 36ms
19 timing npm:load:configload Completed in 36ms
20 timing npm:load:mkdirpcache Completed in 1ms
21 timing npm:load:mkdirplogs Completed in 1ms
22 verbose title npm install
23 verbose argv "install"
24 timing npm:load:setTitle Completed in 1ms
25 timing config:load:flatten Completed in 4ms
26 timing npm:load:display Completed in 6ms
27 verbose logfile logs-max:10 dir:/home/ec2-user/.npm/_logs
28 verbose logfile /home/ec2-user/.npm/_logs/2023-03-03T04_29_27_432Z-debug-0.log
29 timing npm:load:logFile Completed in 6ms
30 timing npm:load:timers Completed in 0ms
31 timing npm:load:configScope Completed in 0ms
32 timing npm:load Completed in 52ms
33 timing arborist:ctor Completed in 1ms
34 silly logfile done cleaning log files
35 timing idealTree:init Completed in 156ms
36 timing idealTree:userRequests Completed in 0ms
37 silly idealTree buildDeps
38 timing idealTree:#root Completed in 0ms
39 timing idealTree:buildDeps Completed in 2ms
40 timing idealTree:fixDepFlags Completed in 0ms
41 timing idealTree Completed in 164ms
42 timing arborist:ctor Completed in 0ms
43 timing reify:loadTrees Completed in 217ms
44 timing reify:diffTrees Completed in 6ms
45 silly reify moves {}
46 timing reify:retireShallow Completed in 1ms
47 timing reify:createSparse Completed in 8ms
48 timing reify:loadBundles Completed in 0ms
49 silly audit bulk request {
49 silly audit   '@esbuild/android-arm': [ '0.16.17' ],
49 silly audit   '@esbuild/android-arm64': [ '0.16.17' ],
49 silly audit   '@esbuild/android-x64': [ '0.16.17' ],
49 silly audit   '@esbuild/darwin-arm64': [ '0.16.17' ],
49 silly audit   '@esbuild/darwin-x64': [ '0.16.17' ],
49 silly audit   '@esbuild/freebsd-arm64': [ '0.16.17' ],
49 silly audit   '@esbuild/freebsd-x64': [ '0.16.17' ],
49 silly audit   '@esbuild/linux-arm': [ '0.16.17' ],
49 silly audit   '@esbuild/linux-arm64': [ '0.16.17' ],
49 silly audit   '@esbuild/linux-ia32': [ '0.16.17' ],
49 silly audit   '@esbuild/linux-loong64': [ '0.16.17' ],
49 silly audit   '@esbuild/linux-mips64el': [ '0.16.17' ],
49 silly audit   '@esbuild/linux-ppc64': [ '0.16.17' ],
49 silly audit   '@esbuild/linux-riscv64': [ '0.16.17' ],
49 silly audit   '@esbuild/linux-s390x': [ '0.16.17' ],
49 silly audit   '@esbuild/linux-x64': [ '0.16.17' ],
49 silly audit   '@esbuild/netbsd-x64': [ '0.16.17' ],
49 silly audit   '@esbuild/openbsd-x64': [ '0.16.17' ],
49 silly audit   '@esbuild/sunos-x64': [ '0.16.17' ],
49 silly audit   '@esbuild/win32-arm64': [ '0.16.17' ],
49 silly audit   '@esbuild/win32-ia32': [ '0.16.17' ],
49 silly audit   '@esbuild/win32-x64': [ '0.16.17' ],
49 silly audit   '@nodelib/fs.scandir': [ '2.1.5' ],
49 silly audit   '@nodelib/fs.stat': [ '2.0.5' ],
49 silly audit   '@nodelib/fs.walk': [ '1.2.8' ],
49 silly audit   '@tailwindcss/forms': [ '0.5.3' ],
49 silly audit   '@vue/reactivity': [ '3.1.5' ],
49 silly audit   '@vue/shared': [ '3.1.5' ],
49 silly audit   acorn: [ '7.4.1' ],
49 silly audit   'acorn-node': [ '1.8.2' ],
49 silly audit   'acorn-walk': [ '7.2.0' ],
49 silly audit   alpinejs: [ '3.11.1' ],
49 silly audit   anymatch: [ '3.1.3' ],
49 silly audit   arg: [ '5.0.2' ],
49 silly audit   asynckit: [ '0.4.0' ],
49 silly audit   autoprefixer: [ '10.4.13' ],
49 silly audit   axios: [ '1.3.4' ],
49 silly audit   'binary-extensions': [ '2.2.0' ],
49 silly audit   braces: [ '3.0.2' ],
49 silly audit   browserslist: [ '4.21.5' ],
49 silly audit   'camelcase-css': [ '2.0.1' ],
49 silly audit   'caniuse-lite': [ '1.0.30001458' ],
49 silly audit   chokidar: [ '3.5.3' ],
49 silly audit   'glob-parent': [ '5.1.2', '6.0.2' ],
49 silly audit   'color-name': [ '1.1.4' ],
49 silly audit   'combined-stream': [ '1.0.8' ],
49 silly audit   cssesc: [ '3.0.0' ],
49 silly audit   defined: [ '1.0.1' ],
49 silly audit   'delayed-stream': [ '1.0.0' ],
49 silly audit   detective: [ '5.2.1' ],
49 silly audit   didyoumean: [ '1.2.2' ],
49 silly audit   dlv: [ '1.1.3' ],
49 silly audit   'electron-to-chromium': [ '1.4.317' ],
49 silly audit   esbuild: [ '0.16.17' ],
49 silly audit   escalade: [ '3.1.1' ],
49 silly audit   'fast-glob': [ '3.2.12' ],
49 silly audit   fastq: [ '1.15.0' ],
49 silly audit   'fill-range': [ '7.0.1' ],
49 silly audit   'follow-redirects': [ '1.15.2' ],
49 silly audit   'form-data': [ '4.0.0' ],
49 silly audit   'fraction.js': [ '4.2.0' ],
49 silly audit   fsevents: [ '2.3.2' ],
49 silly audit   'function-bind': [ '1.1.1' ],
49 silly audit   has: [ '1.0.3' ],
49 silly audit   'is-binary-path': [ '2.1.0' ],
49 silly audit   'is-core-module': [ '2.11.0' ],
49 silly audit   'is-extglob': [ '2.1.1' ],
49 silly audit   'is-glob': [ '4.0.3' ],
49 silly audit   'is-number': [ '7.0.0' ],
49 silly audit   'laravel-vite-plugin': [ '0.7.4' ],
49 silly audit   lilconfig: [ '2.1.0' ],
49 silly audit   lodash: [ '4.17.21' ],
49 silly audit   merge2: [ '1.4.1' ],
49 silly audit   micromatch: [ '4.0.5' ],
49 silly audit   'mime-db': [ '1.52.0' ],
49 silly audit   'mime-types': [ '2.1.35' ],
49 silly audit   'mini-svg-data-uri': [ '1.4.4' ],
49 silly audit   minimist: [ '1.2.8' ],
49 silly audit   nanoid: [ '3.3.4' ],
49 silly audit   'node-releases': [ '2.0.10' ],
49 silly audit   'normalize-path': [ '3.0.0' ],
49 silly audit   'normalize-range': [ '0.1.2' ],
49 silly audit   'object-hash': [ '3.0.0' ],
49 silly audit   'path-parse': [ '1.0.7' ],
49 silly audit   picocolors: [ '1.0.0' ],
49 silly audit   picomatch: [ '2.3.1' ],
49 silly audit   pify: [ '2.3.0' ],
49 silly audit   postcss: [ '8.4.21' ],
49 silly audit   'postcss-import': [ '14.1.0' ],
49 silly audit   'postcss-js': [ '4.0.1' ],
49 silly audit   'postcss-load-config': [ '3.1.4' ],
49 silly audit   'postcss-nested': [ '6.0.0' ],
49 silly audit   'postcss-selector-parser': [ '6.0.11' ],
49 silly audit   'postcss-value-parser': [ '4.2.0' ],
49 silly audit   'proxy-from-env': [ '1.1.0' ],
49 silly audit   'queue-microtask': [ '1.2.3' ],
49 silly audit   'quick-lru': [ '5.1.1' ],
49 silly audit   'read-cache': [ '1.0.0' ],
49 silly audit   readdirp: [ '3.6.0' ],
49 silly audit   resolve: [ '1.22.1' ],
49 silly audit   reusify: [ '1.0.4' ],
49 silly audit   rollup: [ '3.18.0' ],
49 silly audit   'run-parallel': [ '1.2.0' ],
49 silly audit   'source-map-js': [ '1.0.2' ],
49 silly audit   'supports-preserve-symlinks-flag': [ '1.0.0' ],
49 silly audit   tailwindcss: [ '3.2.7' ],
49 silly audit   'to-regex-range': [ '5.0.1' ],
49 silly audit   'update-browserslist-db': [ '1.0.10' ],
49 silly audit   'util-deprecate': [ '1.0.2' ],
49 silly audit   vite: [ '4.1.4' ],
49 silly audit   'vite-plugin-full-reload': [ '1.0.5' ],
49 silly audit   xtend: [ '4.0.2' ],
49 silly audit   yaml: [ '1.10.2' ]
49 silly audit }
50 verbose reify failed optional dependency /home/ec2-user/environment/cms/node_modules/fsevents
51 silly reify mark deleted [ '/home/ec2-user/environment/cms/node_modules/fsevents' ]
52 verbose reify failed optional dependency /home/ec2-user/environment/cms/node_modules/@esbuild/win32-x64
53 silly reify mark deleted [ '/home/ec2-user/environment/cms/node_modules/@esbuild/win32-x64' ]
54 verbose reify failed optional dependency /home/ec2-user/environment/cms/node_modules/@esbuild/win32-ia32
55 silly reify mark deleted [ '/home/ec2-user/environment/cms/node_modules/@esbuild/win32-ia32' ]
56 verbose reify failed optional dependency /home/ec2-user/environment/cms/node_modules/@esbuild/win32-arm64
57 silly reify mark deleted [ '/home/ec2-user/environment/cms/node_modules/@esbuild/win32-arm64' ]
58 verbose reify failed optional dependency /home/ec2-user/environment/cms/node_modules/@esbuild/sunos-x64
59 silly reify mark deleted [ '/home/ec2-user/environment/cms/node_modules/@esbuild/sunos-x64' ]
60 verbose reify failed optional dependency /home/ec2-user/environment/cms/node_modules/@esbuild/openbsd-x64
61 silly reify mark deleted [ '/home/ec2-user/environment/cms/node_modules/@esbuild/openbsd-x64' ]
62 verbose reify failed optional dependency /home/ec2-user/environment/cms/node_modules/@esbuild/netbsd-x64
63 silly reify mark deleted [ '/home/ec2-user/environment/cms/node_modules/@esbuild/netbsd-x64' ]
64 verbose reify failed optional dependency /home/ec2-user/environment/cms/node_modules/@esbuild/linux-s390x
65 silly reify mark deleted [ '/home/ec2-user/environment/cms/node_modules/@esbuild/linux-s390x' ]
66 verbose reify failed optional dependency /home/ec2-user/environment/cms/node_modules/@esbuild/linux-riscv64
67 silly reify mark deleted [
67 silly reify   '/home/ec2-user/environment/cms/node_modules/@esbuild/linux-riscv64'
67 silly reify ]
68 verbose reify failed optional dependency /home/ec2-user/environment/cms/node_modules/@esbuild/linux-ppc64
69 silly reify mark deleted [ '/home/ec2-user/environment/cms/node_modules/@esbuild/linux-ppc64' ]
70 verbose reify failed optional dependency /home/ec2-user/environment/cms/node_modules/@esbuild/linux-mips64el
71 silly reify mark deleted [
71 silly reify   '/home/ec2-user/environment/cms/node_modules/@esbuild/linux-mips64el'
71 silly reify ]
72 verbose reify failed optional dependency /home/ec2-user/environment/cms/node_modules/@esbuild/linux-loong64
73 silly reify mark deleted [
73 silly reify   '/home/ec2-user/environment/cms/node_modules/@esbuild/linux-loong64'
73 silly reify ]
74 verbose reify failed optional dependency /home/ec2-user/environment/cms/node_modules/@esbuild/linux-ia32
75 silly reify mark deleted [ '/home/ec2-user/environment/cms/node_modules/@esbuild/linux-ia32' ]
76 verbose reify failed optional dependency /home/ec2-user/environment/cms/node_modules/@esbuild/linux-arm64
77 silly reify mark deleted [ '/home/ec2-user/environment/cms/node_modules/@esbuild/linux-arm64' ]
78 verbose reify failed optional dependency /home/ec2-user/environment/cms/node_modules/@esbuild/linux-arm
79 silly reify mark deleted [ '/home/ec2-user/environment/cms/node_modules/@esbuild/linux-arm' ]
80 verbose reify failed optional dependency /home/ec2-user/environment/cms/node_modules/@esbuild/freebsd-x64
81 silly reify mark deleted [ '/home/ec2-user/environment/cms/node_modules/@esbuild/freebsd-x64' ]
82 verbose reify failed optional dependency /home/ec2-user/environment/cms/node_modules/@esbuild/freebsd-arm64
83 silly reify mark deleted [
83 silly reify   '/home/ec2-user/environment/cms/node_modules/@esbuild/freebsd-arm64'
83 silly reify ]
84 verbose reify failed optional dependency /home/ec2-user/environment/cms/node_modules/@esbuild/darwin-x64
85 silly reify mark deleted [ '/home/ec2-user/environment/cms/node_modules/@esbuild/darwin-x64' ]
86 verbose reify failed optional dependency /home/ec2-user/environment/cms/node_modules/@esbuild/darwin-arm64
87 silly reify mark deleted [ '/home/ec2-user/environment/cms/node_modules/@esbuild/darwin-arm64' ]
88 verbose reify failed optional dependency /home/ec2-user/environment/cms/node_modules/@esbuild/android-x64
89 silly reify mark deleted [ '/home/ec2-user/environment/cms/node_modules/@esbuild/android-x64' ]
90 verbose reify failed optional dependency /home/ec2-user/environment/cms/node_modules/@esbuild/android-arm64
91 silly reify mark deleted [
91 silly reify   '/home/ec2-user/environment/cms/node_modules/@esbuild/android-arm64'
91 silly reify ]
92 verbose reify failed optional dependency /home/ec2-user/environment/cms/node_modules/@esbuild/android-arm
93 silly reify mark deleted [ '/home/ec2-user/environment/cms/node_modules/@esbuild/android-arm' ]
94 timing reifyNode:node_modules/fsevents Completed in 31ms
95 timing reifyNode:node_modules/@esbuild/win32-x64 Completed in 31ms
96 timing reifyNode:node_modules/@esbuild/win32-ia32 Completed in 31ms
97 timing reifyNode:node_modules/@esbuild/win32-arm64 Completed in 30ms
98 timing reifyNode:node_modules/@esbuild/sunos-x64 Completed in 30ms
99 timing reifyNode:node_modules/@esbuild/openbsd-x64 Completed in 31ms
100 timing reifyNode:node_modules/@esbuild/netbsd-x64 Completed in 31ms
101 timing reifyNode:node_modules/@esbuild/linux-s390x Completed in 31ms
102 timing reifyNode:node_modules/@esbuild/linux-riscv64 Completed in 31ms
103 timing reifyNode:node_modules/@esbuild/linux-ppc64 Completed in 31ms
104 timing reifyNode:node_modules/@esbuild/linux-mips64el Completed in 31ms
105 timing reifyNode:node_modules/@esbuild/linux-loong64 Completed in 30ms
106 timing reifyNode:node_modules/@esbuild/linux-ia32 Completed in 30ms
107 timing reifyNode:node_modules/@esbuild/linux-arm64 Completed in 30ms
108 timing reifyNode:node_modules/@esbuild/linux-arm Completed in 30ms
109 timing reifyNode:node_modules/@esbuild/freebsd-x64 Completed in 31ms
110 timing reifyNode:node_modules/@esbuild/freebsd-arm64 Completed in 31ms
111 timing reifyNode:node_modules/@esbuild/darwin-x64 Completed in 31ms
112 timing reifyNode:node_modules/@esbuild/darwin-arm64 Completed in 31ms
113 timing reifyNode:node_modules/@esbuild/android-x64 Completed in 31ms
114 timing reifyNode:node_modules/@esbuild/android-arm64 Completed in 31ms
115 timing reifyNode:node_modules/@esbuild/android-arm Completed in 30ms
116 timing reify:unpack Completed in 33ms
117 timing reify:unretire Completed in 0ms
118 timing build:queue Completed in 9ms
119 timing build:deps Completed in 10ms
120 timing build Completed in 10ms
121 timing reify:build Completed in 10ms
122 timing reify:trash Completed in 7ms
123 timing reify:save Completed in 45ms
124 http fetch POST 200 https://registry.npmjs.org/-/npm/v1/security/advisories/bulk 238ms
125 timing auditReport:getReport Completed in 244ms
126 silly audit report {}
127 timing auditReport:init Completed in 0ms
128 timing reify:audit Completed in 245ms
129 timing reify Completed in 490ms
130 silly ADD
131 silly ADD
132 silly ADD
133 silly ADD
134 silly ADD
135 silly ADD
136 silly ADD
137 silly ADD
138 silly ADD
139 silly ADD
140 silly ADD
141 silly ADD
142 silly ADD
143 silly ADD
144 silly ADD
145 silly ADD
146 silly ADD
147 silly ADD
148 silly ADD
149 silly ADD
150 silly ADD
151 silly ADD
152 timing command:install Completed in 503ms
153 verbose exit 0
154 timing npm Completed in 654ms
155 info ok
